2018-04-28 00:02:27.703 [ main ] - [ DEBUG ] [ org.apache.ibatis.logging.LogFactory : 135 ] - Logging initialized using 'class org.apache.ibatis.logging.slf4j.Slf4jImpl' adapter.
2018-04-28 00:02:27.765 [ MLog-Init-Reporter ] - [ INFO  ] [ com.mchange.v2.log.MLog : 212 ] - MLog clients using slf4j logging.
2018-04-28 00:02:27.770 [ MLog-Init-Reporter ] - [ DEBUG ] [ com.mchange.v2.log.MLog : 207 ] - Reading VM config for path list /com/mchange/v2/log/default-mchange-log.properties, /mchange-commons.properties, /c3p0.properties, hocon:/reference,/application,/c3p0,/, /mchange-log.properties, /
2018-04-28 00:02:27.770 [ MLog-Init-Reporter ] - [ DEBUG ] [ com.mchange.v2.log.MLog : 207 ] - The configuration file for resource identifier '/mchange-commons.properties' could not be found. Skipping.
2018-04-28 00:02:27.771 [ MLog-Init-Reporter ] - [ DEBUG ] [ com.mchange.v2.log.MLog : 207 ] - The configuration file for resource identifier '/c3p0.properties' could not be found. Skipping.
2018-04-28 00:02:27.771 [ MLog-Init-Reporter ] - [ DEBUG ] [ com.mchange.v2.log.MLog : 207 ] - The configuration file for resource identifier 'hocon:/reference,/application,/c3p0,/' could not be found. Skipping.
2018-04-28 00:02:27.771 [ MLog-Init-Reporter ] - [ DEBUG ] [ com.mchange.v2.log.MLog : 207 ] - The configuration file for resource identifier '/mchange-log.properties' could not be found. Skipping.
2018-04-28 00:02:27.773 [ main ] - [ DEBUG ] [ com.mchange.v2.cfg.MConfig : 207 ] - The configuration file for resource identifier '/mchange-commons.properties' could not be found. Skipping.
2018-04-28 00:02:27.773 [ main ] - [ DEBUG ] [ com.mchange.v2.cfg.MConfig : 207 ] - The configuration file for resource identifier '/mchange-log.properties' could not be found. Skipping.
2018-04-28 00:02:27.774 [ main ] - [ DEBUG ] [ com.mchange.v2.cfg.MConfig : 207 ] - The configuration file for resource identifier 'hocon:/reference,/application,/c3p0,/' could not be found. Skipping.
2018-04-28 00:02:27.774 [ main ] - [ DEBUG ] [ com.mchange.v2.cfg.MConfig : 207 ] - The configuration file for resource identifier '/c3p0.properties' could not be found. Skipping.
2018-04-28 00:02:28.096 [ main ] - [ INFO  ] [ com.mchange.v2.c3p0.C3P0Registry : 212 ] - Initializing c3p0-0.9.5.2 [built 08-December-2015 22:06:04 -0800; debug? true; trace: 10]
2018-04-28 00:02:28.112 [ main ] - [ DEBUG ] [ c.m.v.c.m.DynamicPooledDataSourceManagerMBean : 204 ] - MBean: com.mchange.v2.c3p0:type=PooledDataSource,identityToken=2sigyl9v26bql2104vz2y|f58853c,name=2sigyl9v26bql2104vz2y|f58853c registered.
2018-04-28 00:02:28.134 [ main ] - [ DEBUG ] [ c.m.v.c.m.DynamicPooledDataSourceManagerMBean : 204 ] - MBean: com.mchange.v2.c3p0:type=PooledDataSource,identityToken=2sigyl9v26bql2104vz2y|f58853c,name=2sigyl9v26bql2104vz2y|f58853c unregistered, in order to be reregistered after update.
2018-04-28 00:02:28.134 [ main ] - [ DEBUG ] [ c.m.v.c.m.DynamicPooledDataSourceManagerMBean : 204 ] - MBean: com.mchange.v2.c3p0:type=PooledDataSource,identityToken=2sigyl9v26bql2104vz2y|f58853c,name=2sigyl9v26bql2104vz2y|f58853c registered.
2018-04-28 00:02:28.261 [ main ] - [ DEBUG ] [ org.mybatis.spring.SqlSessionFactoryBean : 410 ] - Property 'configuration' or 'configLocation' not specified, using default MyBatis Configuration
2018-04-28 00:02:28.437 [ main ] - [ DEBUG ] [ org.mybatis.spring.SqlSessionFactoryBean : 529 ] - Parsed mapper file: 'file [D:\software\eclipse\workspace2\zg-dao\target\classes\com\study\pengxin\config\commomMapper.xml]'
2018-04-28 00:02:28.559 [ main ] - [ DEBUG ] [ org.mybatis.spring.SqlSessionUtils : 97 ] - Creating a new SqlSession
2018-04-28 00:02:28.564 [ main ] - [ DEBUG ] [ org.mybatis.spring.SqlSessionUtils : 148 ] - SqlSession [org.apache.ibatis.session.defaults.DefaultSqlSession@1817f1eb] was not registered for synchronization because synchronization is not active
2018-04-28 00:02:28.604 [ main ] - [ INFO  ] [ c.m.v2.c3p0.impl.AbstractPoolBackedDataSource : 212 ] - Initializing c3p0 pool... com.mchange.v2.c3p0.ComboPooledDataSource [ acquireIncrement -> 3, acquireRetryAttempts -> 30, acquireRetryDelay -> 100, autoCommitOnClose -> false, automaticTestTable -> null, breakAfterAcquireFailure -> false, checkoutTimeout -> 0, connectionCustomizerClassName -> null, connectionTesterClassName -> com.mchange.v2.c3p0.impl.DefaultConnectionTester, contextClassLoaderSource -> caller, dataSourceName -> 2sigyl9v26bql2104vz2y|f58853c, debugUnreturnedConnectionStackTraces -> false, description -> null, driverClass -> com.mysql.jdbc.Driver, extensions -> {}, factoryClassLocation -> null, forceIgnoreUnresolvedTransactions -> false, forceSynchronousCheckins -> false, forceUseNamedDriverClass -> false, identityToken -> 2sigyl9v26bql2104vz2y|f58853c, idleConnectionTestPeriod -> 60, initialPoolSize -> 10, jdbcUrl -> jdbc:mysql://localhost:3306/deve, maxAdministrativeTaskTime -> 0, maxConnectionAge -> 0, maxIdleTime -> 1800, maxIdleTimeExcessConnections -> 0, maxPoolSize -> 100, maxStatements -> 1000, maxStatementsPerConnection -> 0, minPoolSize -> 10, numHelperThreads -> 3, preferredTestQuery -> null, privilegeSpawnedThreads -> false, properties -> {user=******, password=******}, propertyCycle -> 0, statementCacheNumDeferredCloseThreads -> 0, testConnectionOnCheckin -> false, testConnectionOnCheckout -> false, unreturnedConnectionTimeout -> 0, userOverrides -> {}, usesTraditionalReflectiveProxies -> false ]
2018-04-28 00:02:28.619 [ main ] - [ DEBUG ] [ com.mchange.v2.cfg.MConfig : 207 ] - The configuration file for resource identifier '/mchange-commons.properties' could not be found. Skipping.
2018-04-28 00:02:28.619 [ main ] - [ DEBUG ] [ com.mchange.v2.cfg.MConfig : 207 ] - The configuration file for resource identifier '/mchange-log.properties' could not be found. Skipping.
2018-04-28 00:02:28.620 [ main ] - [ DEBUG ] [ com.mchange.v2.cfg.MConfig : 207 ] - The configuration file for resource identifier '/c3p0.properties' could not be found. Skipping.
2018-04-28 00:02:28.620 [ main ] - [ DEBUG ] [ com.mchange.v2.cfg.MConfig : 207 ] - The configuration file for resource identifier 'hocon:/reference,/application,/c3p0,/' could not be found. Skipping.
2018-04-28 00:02:28.621 [ main ] - [ DEBUG ] [ com.mchange.v2.resourcepool.BasicResourcePool : 204 ] - com.mchange.v2.resourcepool.BasicResourcePool@1d2bd371 config: [start -> 10; min -> 10; max -> 100; inc -> 3; num_acq_attempts -> 30; acq_attempt_delay -> 100; check_idle_resources_delay -> 60000; max_resource_age -> 0; max_idle_time -> 1800000; excess_max_idle_time -> 0; destroy_unreturned_resc_time -> 0; expiration_enforcement_delay -> 450000; break_on_acquisition_failure -> false; debug_store_checkout_exceptions -> false; force_synchronous_checkins -> false]
2018-04-28 00:02:28.622 [ main ] - [ DEBUG ] [ c.m.v2.c3p0.impl.C3P0PooledConnectionPoolManager : 204 ] - Created new pool for auth, username (masked): 'ro******'.
2018-04-28 00:02:28.622 [ main ] - [ DEBUG ] [ com.mchange.v2.resourcepool.BasicResourcePool : 204 ] - acquire test -- pool size: 0; target_pool_size: 10; desired target? 1
2018-04-28 00:02:28.623 [ main ] - [ DEBUG ] [ com.mchange.v2.resourcepool.BasicResourcePool : 204 ] - awaitAvailable(): [unknown]
2018-04-28 00:02:29.269 [ main ] - [ DEBUG ] [ o.m.spring.transaction.SpringManagedTransaction : 87 ] - JDBC Connection [com.mchange.v2.c3p0.impl.NewProxyConnection@42f8285e [wrapping: com.mysql.jdbc.JDBC4Connection@1c8186b2]] will not be managed by Spring
2018-04-28 00:02:29.317 [ main ] - [ DEBUG ] [ com.study.pengxin.dao.CommonMapper.qryArea : 159 ] - ==>  Preparing: select * from consult_configarea 
2018-04-28 00:02:29.341 [ main ] - [ DEBUG ] [ com.study.pengxin.dao.CommonMapper.qryArea : 159 ] - ==> Parameters: 
2018-04-28 00:02:29.354 [ main ] - [ DEBUG ] [ com.study.pengxin.dao.CommonMapper.qryArea : 159 ] - <==      Total: 1
2018-04-28 00:02:29.359 [ main ] - [ DEBUG ] [ org.mybatis.spring.SqlSessionUtils : 191 ] - Closing non transactional SqlSession [org.apache.ibatis.session.defaults.DefaultSqlSession@1817f1eb]
2018-04-28 00:02:29.364 [ Thread-1 ] - [ DEBUG ] [ c.m.v2.c3p0.management.ActiveManagementCoordinator : 204 ] - MBean: com.mchange.v2.c3p0:type=PooledDataSource,identityToken=2sigyl9v26bql2104vz2y|f58853c,name=2sigyl9v26bql2104vz2y|f58853c unregistered.
2018-04-28 00:02:29.364 [ Thread-1 ] - [ DEBUG ] [ c.m.v2.c3p0.management.ActiveManagementCoordinator : 204 ] - C3P0Registry mbean unregistered.
2018-04-28 00:02:29.365 [ Resource Destroyer in BasicResourcePool.close() ] - [ DEBUG ] [ com.mchange.v2.resourcepool.BasicResourcePool : 204 ] - Preparing to destroy resource: com.mchange.v2.c3p0.impl.NewPooledConnection@50b86f98
2018-04-28 00:02:29.365 [ Resource Destroyer in BasicResourcePool.close() ] - [ DEBUG ] [ com.mchange.v2.c3p0.impl.C3P0PooledConnectionPool : 204 ] - Preparing to destroy PooledConnection: com.mchange.v2.c3p0.impl.NewPooledConnection@50b86f98
2018-04-28 00:02:45.859 [ main ] - [ DEBUG ] [ org.apache.ibatis.logging.LogFactory : 135 ] - Logging initialized using 'class org.apache.ibatis.logging.slf4j.Slf4jImpl' adapter.
2018-04-28 00:02:45.897 [ MLog-Init-Reporter ] - [ INFO  ] [ com.mchange.v2.log.MLog : 212 ] - MLog clients using slf4j logging.
2018-04-28 00:02:45.902 [ MLog-Init-Reporter ] - [ DEBUG ] [ com.mchange.v2.log.MLog : 207 ] - Reading VM config for path list /com/mchange/v2/log/default-mchange-log.properties, /mchange-commons.properties, /c3p0.properties, hocon:/reference,/application,/c3p0,/, /mchange-log.properties, /
2018-04-28 00:02:45.902 [ MLog-Init-Reporter ] - [ DEBUG ] [ com.mchange.v2.log.MLog : 207 ] - The configuration file for resource identifier '/mchange-commons.properties' could not be found. Skipping.
2018-04-28 00:02:45.903 [ MLog-Init-Reporter ] - [ DEBUG ] [ com.mchange.v2.log.MLog : 207 ] - The configuration file for resource identifier '/c3p0.properties' could not be found. Skipping.
2018-04-28 00:02:45.903 [ MLog-Init-Reporter ] - [ DEBUG ] [ com.mchange.v2.log.MLog : 207 ] - The configuration file for resource identifier 'hocon:/reference,/application,/c3p0,/' could not be found. Skipping.
2018-04-28 00:02:45.903 [ MLog-Init-Reporter ] - [ DEBUG ] [ com.mchange.v2.log.MLog : 207 ] - The configuration file for resource identifier '/mchange-log.properties' could not be found. Skipping.
2018-04-28 00:02:45.906 [ main ] - [ DEBUG ] [ com.mchange.v2.cfg.MConfig : 207 ] - The configuration file for resource identifier '/mchange-commons.properties' could not be found. Skipping.
2018-04-28 00:02:45.906 [ main ] - [ DEBUG ] [ com.mchange.v2.cfg.MConfig : 207 ] - The configuration file for resource identifier '/mchange-log.properties' could not be found. Skipping.
2018-04-28 00:02:45.906 [ main ] - [ DEBUG ] [ com.mchange.v2.cfg.MConfig : 207 ] - The configuration file for resource identifier 'hocon:/reference,/application,/c3p0,/' could not be found. Skipping.
2018-04-28 00:02:45.907 [ main ] - [ DEBUG ] [ com.mchange.v2.cfg.MConfig : 207 ] - The configuration file for resource identifier '/c3p0.properties' could not be found. Skipping.
2018-04-28 00:02:46.221 [ main ] - [ INFO  ] [ com.mchange.v2.c3p0.C3P0Registry : 212 ] - Initializing c3p0-0.9.5.2 [built 08-December-2015 22:06:04 -0800; debug? true; trace: 10]
2018-04-28 00:02:46.243 [ main ] - [ DEBUG ] [ c.m.v.c.m.DynamicPooledDataSourceManagerMBean : 204 ] - MBean: com.mchange.v2.c3p0:type=PooledDataSource,identityToken=2sigyl9v26c4ks3iwd2x|798162bc,name=2sigyl9v26c4ks3iwd2x|798162bc registered.
2018-04-28 00:02:46.266 [ main ] - [ DEBUG ] [ c.m.v.c.m.DynamicPooledDataSourceManagerMBean : 204 ] - MBean: com.mchange.v2.c3p0:type=PooledDataSource,identityToken=2sigyl9v26c4ks3iwd2x|798162bc,name=2sigyl9v26c4ks3iwd2x|798162bc unregistered, in order to be reregistered after update.
2018-04-28 00:02:46.266 [ main ] - [ DEBUG ] [ c.m.v.c.m.DynamicPooledDataSourceManagerMBean : 204 ] - MBean: com.mchange.v2.c3p0:type=PooledDataSource,identityToken=2sigyl9v26c4ks3iwd2x|798162bc,name=2sigyl9v26c4ks3iwd2x|798162bc registered.
2018-04-28 00:02:46.392 [ main ] - [ DEBUG ] [ org.mybatis.spring.SqlSessionFactoryBean : 410 ] - Property 'configuration' or 'configLocation' not specified, using default MyBatis Configuration
2018-04-28 00:02:46.547 [ main ] - [ DEBUG ] [ org.mybatis.spring.SqlSessionFactoryBean : 529 ] - Parsed mapper file: 'file [D:\software\eclipse\workspace2\zg-dao\target\classes\com\study\pengxin\config\commomMapper.xml]'
2018-04-28 00:02:46.664 [ main ] - [ DEBUG ] [ org.mybatis.spring.SqlSessionUtils : 97 ] - Creating a new SqlSession
2018-04-28 00:02:46.672 [ main ] - [ DEBUG ] [ org.mybatis.spring.SqlSessionUtils : 148 ] - SqlSession [org.apache.ibatis.session.defaults.DefaultSqlSession@305a0c5f] was not registered for synchronization because synchronization is not active
2018-04-28 00:02:46.706 [ main ] - [ INFO  ] [ c.m.v2.c3p0.impl.AbstractPoolBackedDataSource : 212 ] - Initializing c3p0 pool... com.mchange.v2.c3p0.ComboPooledDataSource [ acquireIncrement -> 3, acquireRetryAttempts -> 30, acquireRetryDelay -> 100, autoCommitOnClose -> false, automaticTestTable -> null, breakAfterAcquireFailure -> false, checkoutTimeout -> 0, connectionCustomizerClassName -> null, connectionTesterClassName -> com.mchange.v2.c3p0.impl.DefaultConnectionTester, contextClassLoaderSource -> caller, dataSourceName -> 2sigyl9v26c4ks3iwd2x|798162bc, debugUnreturnedConnectionStackTraces -> false, description -> null, driverClass -> com.mysql.jdbc.Driver, extensions -> {}, factoryClassLocation -> null, forceIgnoreUnresolvedTransactions -> false, forceSynchronousCheckins -> false, forceUseNamedDriverClass -> false, identityToken -> 2sigyl9v26c4ks3iwd2x|798162bc, idleConnectionTestPeriod -> 60, initialPoolSize -> 10, jdbcUrl -> jdbc:mysql://localhost:3306/deve, maxAdministrativeTaskTime -> 0, maxConnectionAge -> 0, maxIdleTime -> 1800, maxIdleTimeExcessConnections -> 0, maxPoolSize -> 100, maxStatements -> 1000, maxStatementsPerConnection -> 0, minPoolSize -> 10, numHelperThreads -> 3, preferredTestQuery -> null, privilegeSpawnedThreads -> false, properties -> {user=******, password=******}, propertyCycle -> 0, statementCacheNumDeferredCloseThreads -> 0, testConnectionOnCheckin -> false, testConnectionOnCheckout -> false, unreturnedConnectionTimeout -> 0, userOverrides -> {}, usesTraditionalReflectiveProxies -> false ]
2018-04-28 00:02:46.721 [ main ] - [ DEBUG ] [ com.mchange.v2.cfg.MConfig : 207 ] - The configuration file for resource identifier '/mchange-commons.properties' could not be found. Skipping.
2018-04-28 00:02:46.722 [ main ] - [ DEBUG ] [ com.mchange.v2.cfg.MConfig : 207 ] - The configuration file for resource identifier '/mchange-log.properties' could not be found. Skipping.
2018-04-28 00:02:46.722 [ main ] - [ DEBUG ] [ com.mchange.v2.cfg.MConfig : 207 ] - The configuration file for resource identifier '/c3p0.properties' could not be found. Skipping.
2018-04-28 00:02:46.722 [ main ] - [ DEBUG ] [ com.mchange.v2.cfg.MConfig : 207 ] - The configuration file for resource identifier 'hocon:/reference,/application,/c3p0,/' could not be found. Skipping.
2018-04-28 00:02:46.724 [ main ] - [ DEBUG ] [ com.mchange.v2.resourcepool.BasicResourcePool : 204 ] - com.mchange.v2.resourcepool.BasicResourcePool@6f152006 config: [start -> 10; min -> 10; max -> 100; inc -> 3; num_acq_attempts -> 30; acq_attempt_delay -> 100; check_idle_resources_delay -> 60000; max_resource_age -> 0; max_idle_time -> 1800000; excess_max_idle_time -> 0; destroy_unreturned_resc_time -> 0; expiration_enforcement_delay -> 450000; break_on_acquisition_failure -> false; debug_store_checkout_exceptions -> false; force_synchronous_checkins -> false]
2018-04-28 00:02:46.724 [ main ] - [ DEBUG ] [ c.m.v2.c3p0.impl.C3P0PooledConnectionPoolManager : 204 ] - Created new pool for auth, username (masked): 'ro******'.
2018-04-28 00:02:46.725 [ main ] - [ DEBUG ] [ com.mchange.v2.resourcepool.BasicResourcePool : 204 ] - acquire test -- pool size: 0; target_pool_size: 10; desired target? 1
2018-04-28 00:02:46.725 [ main ] - [ DEBUG ] [ com.mchange.v2.resourcepool.BasicResourcePool : 204 ] - awaitAvailable(): [unknown]
2018-04-28 00:02:47.357 [ main ] - [ DEBUG ] [ o.m.spring.transaction.SpringManagedTransaction : 87 ] - JDBC Connection [com.mchange.v2.c3p0.impl.NewProxyConnection@3a6f2de3 [wrapping: com.mysql.jdbc.JDBC4Connection@a567564]] will not be managed by Spring
2018-04-28 00:02:47.383 [ main ] - [ DEBUG ] [ com.study.pengxin.dao.CommonMapper.qryArea : 159 ] - ==>  Preparing: select * from consult_configarea 
2018-04-28 00:02:47.441 [ main ] - [ DEBUG ] [ com.study.pengxin.dao.CommonMapper.qryArea : 159 ] - ==> Parameters: 
2018-04-28 00:02:47.460 [ main ] - [ DEBUG ] [ com.study.pengxin.dao.CommonMapper.qryArea : 159 ] - <==      Total: 1
2018-04-28 00:02:47.463 [ main ] - [ DEBUG ] [ org.mybatis.spring.SqlSessionUtils : 191 ] - Closing non transactional SqlSession [org.apache.ibatis.session.defaults.DefaultSqlSession@305a0c5f]
2018-04-28 00:02:47.468 [ Thread-1 ] - [ DEBUG ] [ c.m.v2.c3p0.management.ActiveManagementCoordinator : 204 ] - MBean: com.mchange.v2.c3p0:type=PooledDataSource,identityToken=2sigyl9v26c4ks3iwd2x|798162bc,name=2sigyl9v26c4ks3iwd2x|798162bc unregistered.
2018-04-28 00:02:47.468 [ Resource Destroyer in BasicResourcePool.close() ] - [ DEBUG ] [ com.mchange.v2.resourcepool.BasicResourcePool : 204 ] - Preparing to destroy resource: com.mchange.v2.c3p0.impl.NewPooledConnection@7edd6d5f
2018-04-28 00:02:47.469 [ Thread-1 ] - [ DEBUG ] [ c.m.v2.c3p0.management.ActiveManagementCoordinator : 204 ] - C3P0Registry mbean unregistered.
2018-04-28 00:02:47.469 [ Resource Destroyer in BasicResourcePool.close() ] - [ DEBUG ] [ com.mchange.v2.c3p0.impl.C3P0PooledConnectionPool : 204 ] - Preparing to destroy PooledConnection: com.mchange.v2.c3p0.impl.NewPooledConnection@7edd6d5f
2018-04-28 00:05:49.643 [ main ] - [ DEBUG ] [ org.apache.ibatis.logging.LogFactory : 135 ] - Logging initialized using 'class org.apache.ibatis.logging.slf4j.Slf4jImpl' adapter.
2018-04-28 00:05:49.681 [ MLog-Init-Reporter ] - [ INFO  ] [ com.mchange.v2.log.MLog : 212 ] - MLog clients using slf4j logging.
2018-04-28 00:05:49.685 [ MLog-Init-Reporter ] - [ DEBUG ] [ com.mchange.v2.log.MLog : 207 ] - Reading VM config for path list /com/mchange/v2/log/default-mchange-log.properties, /mchange-commons.properties, /c3p0.properties, hocon:/reference,/application,/c3p0,/, /mchange-log.properties, /
2018-04-28 00:05:49.686 [ MLog-Init-Reporter ] - [ DEBUG ] [ com.mchange.v2.log.MLog : 207 ] - The configuration file for resource identifier '/mchange-commons.properties' could not be found. Skipping.
2018-04-28 00:05:49.686 [ MLog-Init-Reporter ] - [ DEBUG ] [ com.mchange.v2.log.MLog : 207 ] - The configuration file for resource identifier '/c3p0.properties' could not be found. Skipping.
2018-04-28 00:05:49.686 [ MLog-Init-Reporter ] - [ DEBUG ] [ com.mchange.v2.log.MLog : 207 ] - The configuration file for resource identifier 'hocon:/reference,/application,/c3p0,/' could not be found. Skipping.
2018-04-28 00:05:49.686 [ MLog-Init-Reporter ] - [ DEBUG ] [ com.mchange.v2.log.MLog : 207 ] - The configuration file for resource identifier '/mchange-log.properties' could not be found. Skipping.
2018-04-28 00:05:49.689 [ main ] - [ DEBUG ] [ com.mchange.v2.cfg.MConfig : 207 ] - The configuration file for resource identifier '/mchange-commons.properties' could not be found. Skipping.
2018-04-28 00:05:49.689 [ main ] - [ DEBUG ] [ com.mchange.v2.cfg.MConfig : 207 ] - The configuration file for resource identifier '/mchange-log.properties' could not be found. Skipping.
2018-04-28 00:05:49.689 [ main ] - [ DEBUG ] [ com.mchange.v2.cfg.MConfig : 207 ] - The configuration file for resource identifier 'hocon:/reference,/application,/c3p0,/' could not be found. Skipping.
2018-04-28 00:05:49.690 [ main ] - [ DEBUG ] [ com.mchange.v2.cfg.MConfig : 207 ] - The configuration file for resource identifier '/c3p0.properties' could not be found. Skipping.
2018-04-28 00:05:50.014 [ main ] - [ INFO  ] [ com.mchange.v2.c3p0.C3P0Registry : 212 ] - Initializing c3p0-0.9.5.2 [built 08-December-2015 22:06:04 -0800; debug? true; trace: 10]
2018-04-28 00:05:50.030 [ main ] - [ DEBUG ] [ c.m.v.c.m.DynamicPooledDataSourceManagerMBean : 204 ] - MBean: com.mchange.v2.c3p0:type=PooledDataSource,identityToken=2sigyl9v26g2dtvt5vj3|798162bc,name=2sigyl9v26g2dtvt5vj3|798162bc registered.
2018-04-28 00:05:50.056 [ main ] - [ DEBUG ] [ c.m.v.c.m.DynamicPooledDataSourceManagerMBean : 204 ] - MBean: com.mchange.v2.c3p0:type=PooledDataSource,identityToken=2sigyl9v26g2dtvt5vj3|798162bc,name=2sigyl9v26g2dtvt5vj3|798162bc unregistered, in order to be reregistered after update.
2018-04-28 00:05:50.056 [ main ] - [ DEBUG ] [ c.m.v.c.m.DynamicPooledDataSourceManagerMBean : 204 ] - MBean: com.mchange.v2.c3p0:type=PooledDataSource,identityToken=2sigyl9v26g2dtvt5vj3|798162bc,name=2sigyl9v26g2dtvt5vj3|798162bc registered.
2018-04-28 00:05:50.173 [ main ] - [ DEBUG ] [ org.mybatis.spring.SqlSessionFactoryBean : 410 ] - Property 'configuration' or 'configLocation' not specified, using default MyBatis Configuration
2018-04-28 00:05:50.337 [ main ] - [ DEBUG ] [ org.mybatis.spring.SqlSessionFactoryBean : 529 ] - Parsed mapper file: 'file [D:\software\eclipse\workspace2\zg-dao\target\classes\com\study\pengxin\config\commomMapper.xml]'
2018-04-28 00:05:50.453 [ main ] - [ DEBUG ] [ org.mybatis.spring.SqlSessionUtils : 97 ] - Creating a new SqlSession
2018-04-28 00:05:50.460 [ main ] - [ DEBUG ] [ org.mybatis.spring.SqlSessionUtils : 148 ] - SqlSession [org.apache.ibatis.session.defaults.DefaultSqlSession@305a0c5f] was not registered for synchronization because synchronization is not active
2018-04-28 00:05:50.504 [ main ] - [ INFO  ] [ c.m.v2.c3p0.impl.AbstractPoolBackedDataSource : 212 ] - Initializing c3p0 pool... com.mchange.v2.c3p0.ComboPooledDataSource [ acquireIncrement -> 3, acquireRetryAttempts -> 30, acquireRetryDelay -> 100, autoCommitOnClose -> false, automaticTestTable -> null, breakAfterAcquireFailure -> false, checkoutTimeout -> 0, connectionCustomizerClassName -> null, connectionTesterClassName -> com.mchange.v2.c3p0.impl.DefaultConnectionTester, contextClassLoaderSource -> caller, dataSourceName -> 2sigyl9v26g2dtvt5vj3|798162bc, debugUnreturnedConnectionStackTraces -> false, description -> null, driverClass -> com.mysql.jdbc.Driver, extensions -> {}, factoryClassLocation -> null, forceIgnoreUnresolvedTransactions -> false, forceSynchronousCheckins -> false, forceUseNamedDriverClass -> false, identityToken -> 2sigyl9v26g2dtvt5vj3|798162bc, idleConnectionTestPeriod -> 60, initialPoolSize -> 10, jdbcUrl -> jdbc:mysql://localhost:3306/deve, maxAdministrativeTaskTime -> 0, maxConnectionAge -> 0, maxIdleTime -> 1800, maxIdleTimeExcessConnections -> 0, maxPoolSize -> 100, maxStatements -> 1000, maxStatementsPerConnection -> 0, minPoolSize -> 10, numHelperThreads -> 3, preferredTestQuery -> null, privilegeSpawnedThreads -> false, properties -> {user=******, password=******}, propertyCycle -> 0, statementCacheNumDeferredCloseThreads -> 0, testConnectionOnCheckin -> false, testConnectionOnCheckout -> false, unreturnedConnectionTimeout -> 0, userOverrides -> {}, usesTraditionalReflectiveProxies -> false ]
2018-04-28 00:05:50.524 [ main ] - [ DEBUG ] [ com.mchange.v2.cfg.MConfig : 207 ] - The configuration file for resource identifier '/mchange-commons.properties' could not be found. Skipping.
2018-04-28 00:05:50.524 [ main ] - [ DEBUG ] [ com.mchange.v2.cfg.MConfig : 207 ] - The configuration file for resource identifier '/mchange-log.properties' could not be found. Skipping.
2018-04-28 00:05:50.525 [ main ] - [ DEBUG ] [ com.mchange.v2.cfg.MConfig : 207 ] - The configuration file for resource identifier '/c3p0.properties' could not be found. Skipping.
2018-04-28 00:05:50.525 [ main ] - [ DEBUG ] [ com.mchange.v2.cfg.MConfig : 207 ] - The configuration file for resource identifier 'hocon:/reference,/application,/c3p0,/' could not be found. Skipping.
2018-04-28 00:05:50.564 [ main ] - [ DEBUG ] [ com.mchange.v2.resourcepool.BasicResourcePool : 204 ] - com.mchange.v2.resourcepool.BasicResourcePool@6f152006 config: [start -> 10; min -> 10; max -> 100; inc -> 3; num_acq_attempts -> 30; acq_attempt_delay -> 100; check_idle_resources_delay -> 60000; max_resource_age -> 0; max_idle_time -> 1800000; excess_max_idle_time -> 0; destroy_unreturned_resc_time -> 0; expiration_enforcement_delay -> 450000; break_on_acquisition_failure -> false; debug_store_checkout_exceptions -> false; force_synchronous_checkins -> false]
2018-04-28 00:05:50.564 [ main ] - [ DEBUG ] [ c.m.v2.c3p0.impl.C3P0PooledConnectionPoolManager : 204 ] - Created new pool for auth, username (masked): 'ro******'.
2018-04-28 00:05:50.565 [ main ] - [ DEBUG ] [ com.mchange.v2.resourcepool.BasicResourcePool : 204 ] - acquire test -- pool size: 0; target_pool_size: 10; desired target? 1
2018-04-28 00:05:50.566 [ main ] - [ DEBUG ] [ com.mchange.v2.resourcepool.BasicResourcePool : 204 ] - awaitAvailable(): [unknown]
2018-04-28 00:05:51.172 [ main ] - [ DEBUG ] [ o.m.spring.transaction.SpringManagedTransaction : 87 ] - JDBC Connection [com.mchange.v2.c3p0.impl.NewProxyConnection@3a6f2de3 [wrapping: com.mysql.jdbc.JDBC4Connection@62b0682]] will not be managed by Spring
2018-04-28 00:05:51.218 [ main ] - [ DEBUG ] [ com.study.pengxin.dao.CommonMapper.qryArea : 159 ] - ==>  Preparing: select * from consult_configarea 
2018-04-28 00:05:51.260 [ main ] - [ DEBUG ] [ com.study.pengxin.dao.CommonMapper.qryArea : 159 ] - ==> Parameters: 
2018-04-28 00:05:51.272 [ main ] - [ DEBUG ] [ com.study.pengxin.dao.CommonMapper.qryArea : 159 ] - <==      Total: 1
2018-04-28 00:05:51.276 [ main ] - [ DEBUG ] [ org.mybatis.spring.SqlSessionUtils : 191 ] - Closing non transactional SqlSession [org.apache.ibatis.session.defaults.DefaultSqlSession@305a0c5f]
2018-04-28 00:05:51.284 [ Thread-1 ] - [ DEBUG ] [ c.m.v2.c3p0.management.ActiveManagementCoordinator : 204 ] - MBean: com.mchange.v2.c3p0:type=PooledDataSource,identityToken=2sigyl9v26g2dtvt5vj3|798162bc,name=2sigyl9v26g2dtvt5vj3|798162bc unregistered.
2018-04-28 00:05:51.284 [ Thread-1 ] - [ DEBUG ] [ c.m.v2.c3p0.management.ActiveManagementCoordinator : 204 ] - C3P0Registry mbean unregistered.
2018-04-28 00:05:51.284 [ Resource Destroyer in BasicResourcePool.close() ] - [ DEBUG ] [ com.mchange.v2.resourcepool.BasicResourcePool : 204 ] - Preparing to destroy resource: com.mchange.v2.c3p0.impl.NewPooledConnection@747eb70d
2018-04-28 00:05:51.285 [ Resource Destroyer in BasicResourcePool.close() ] - [ DEBUG ] [ com.mchange.v2.c3p0.impl.C3P0PooledConnectionPool : 204 ] - Preparing to destroy PooledConnection: com.mchange.v2.c3p0.impl.NewPooledConnection@747eb70d
2018-04-28 00:06:09.321 [ main ] - [ DEBUG ] [ org.apache.ibatis.logging.LogFactory : 135 ] - Logging initialized using 'class org.apache.ibatis.logging.slf4j.Slf4jImpl' adapter.
2018-04-28 00:06:09.359 [ MLog-Init-Reporter ] - [ INFO  ] [ com.mchange.v2.log.MLog : 212 ] - MLog clients using slf4j logging.
2018-04-28 00:06:09.364 [ MLog-Init-Reporter ] - [ DEBUG ] [ com.mchange.v2.log.MLog : 207 ] - Reading VM config for path list /com/mchange/v2/log/default-mchange-log.properties, /mchange-commons.properties, /c3p0.properties, hocon:/reference,/application,/c3p0,/, /mchange-log.properties, /
2018-04-28 00:06:09.364 [ MLog-Init-Reporter ] - [ DEBUG ] [ com.mchange.v2.log.MLog : 207 ] - The configuration file for resource identifier '/mchange-commons.properties' could not be found. Skipping.
2018-04-28 00:06:09.364 [ MLog-Init-Reporter ] - [ DEBUG ] [ com.mchange.v2.log.MLog : 207 ] - The configuration file for resource identifier '/c3p0.properties' could not be found. Skipping.
2018-04-28 00:06:09.364 [ MLog-Init-Reporter ] - [ DEBUG ] [ com.mchange.v2.log.MLog : 207 ] - The configuration file for resource identifier 'hocon:/reference,/application,/c3p0,/' could not be found. Skipping.
2018-04-28 00:06:09.364 [ MLog-Init-Reporter ] - [ DEBUG ] [ com.mchange.v2.log.MLog : 207 ] - The configuration file for resource identifier '/mchange-log.properties' could not be found. Skipping.
2018-04-28 00:06:09.367 [ main ] - [ DEBUG ] [ com.mchange.v2.cfg.MConfig : 207 ] - The configuration file for resource identifier '/mchange-commons.properties' could not be found. Skipping.
2018-04-28 00:06:09.367 [ main ] - [ DEBUG ] [ com.mchange.v2.cfg.MConfig : 207 ] - The configuration file for resource identifier '/mchange-log.properties' could not be found. Skipping.
2018-04-28 00:06:09.367 [ main ] - [ DEBUG ] [ com.mchange.v2.cfg.MConfig : 207 ] - The configuration file for resource identifier 'hocon:/reference,/application,/c3p0,/' could not be found. Skipping.
2018-04-28 00:06:09.367 [ main ] - [ DEBUG ] [ com.mchange.v2.cfg.MConfig : 207 ] - The configuration file for resource identifier '/c3p0.properties' could not be found. Skipping.
2018-04-28 00:06:09.667 [ main ] - [ INFO  ] [ com.mchange.v2.c3p0.C3P0Registry : 212 ] - Initializing c3p0-0.9.5.2 [built 08-December-2015 22:06:04 -0800; debug? true; trace: 10]
2018-04-28 00:06:09.682 [ main ] - [ DEBUG ] [ c.m.v.c.m.DynamicPooledDataSourceManagerMBean : 204 ] - MBean: com.mchange.v2.c3p0:type=PooledDataSource,identityToken=2sigyl9v26ghkff9d9pk|6e2aa843,name=2sigyl9v26ghkff9d9pk|6e2aa843 registered.
2018-04-28 00:06:09.703 [ main ] - [ DEBUG ] [ c.m.v.c.m.DynamicPooledDataSourceManagerMBean : 204 ] - MBean: com.mchange.v2.c3p0:type=PooledDataSource,identityToken=2sigyl9v26ghkff9d9pk|6e2aa843,name=2sigyl9v26ghkff9d9pk|6e2aa843 unregistered, in order to be reregistered after update.
2018-04-28 00:06:09.703 [ main ] - [ DEBUG ] [ c.m.v.c.m.DynamicPooledDataSourceManagerMBean : 204 ] - MBean: com.mchange.v2.c3p0:type=PooledDataSource,identityToken=2sigyl9v26ghkff9d9pk|6e2aa843,name=2sigyl9v26ghkff9d9pk|6e2aa843 registered.
2018-04-28 00:06:09.829 [ main ] - [ DEBUG ] [ org.mybatis.spring.SqlSessionFactoryBean : 410 ] - Property 'configuration' or 'configLocation' not specified, using default MyBatis Configuration
2018-04-28 00:06:09.996 [ main ] - [ DEBUG ] [ org.mybatis.spring.SqlSessionFactoryBean : 529 ] - Parsed mapper file: 'file [D:\software\eclipse\workspace2\zg-dao\target\classes\com\study\pengxin\config\commomMapper.xml]'
2018-04-28 00:06:10.122 [ main ] - [ DEBUG ] [ org.mybatis.spring.SqlSessionUtils : 97 ] - Creating a new SqlSession
2018-04-28 00:06:10.127 [ main ] - [ DEBUG ] [ org.mybatis.spring.SqlSessionUtils : 148 ] - SqlSession [org.apache.ibatis.session.defaults.DefaultSqlSession@6d23017e] was not registered for synchronization because synchronization is not active
2018-04-28 00:06:10.165 [ main ] - [ INFO  ] [ c.m.v2.c3p0.impl.AbstractPoolBackedDataSource : 212 ] - Initializing c3p0 pool... com.mchange.v2.c3p0.ComboPooledDataSource [ acquireIncrement -> 3, acquireRetryAttempts -> 30, acquireRetryDelay -> 100, autoCommitOnClose -> false, automaticTestTable -> null, breakAfterAcquireFailure -> false, checkoutTimeout -> 0, connectionCustomizerClassName -> null, connectionTesterClassName -> com.mchange.v2.c3p0.impl.DefaultConnectionTester, contextClassLoaderSource -> caller, dataSourceName -> 2sigyl9v26ghkff9d9pk|6e2aa843, debugUnreturnedConnectionStackTraces -> false, description -> null, driverClass -> com.mysql.jdbc.Driver, extensions -> {}, factoryClassLocation -> null, forceIgnoreUnresolvedTransactions -> false, forceSynchronousCheckins -> false, forceUseNamedDriverClass -> false, identityToken -> 2sigyl9v26ghkff9d9pk|6e2aa843, idleConnectionTestPeriod -> 60, initialPoolSize -> 10, jdbcUrl -> jdbc:mysql://localhost:3306/deve, maxAdministrativeTaskTime -> 0, maxConnectionAge -> 0, maxIdleTime -> 1800, maxIdleTimeExcessConnections -> 0, maxPoolSize -> 100, maxStatements -> 1000, maxStatementsPerConnection -> 0, minPoolSize -> 10, numHelperThreads -> 3, preferredTestQuery -> null, privilegeSpawnedThreads -> false, properties -> {user=******, password=******}, propertyCycle -> 0, statementCacheNumDeferredCloseThreads -> 0, testConnectionOnCheckin -> false, testConnectionOnCheckout -> false, unreturnedConnectionTimeout -> 0, userOverrides -> {}, usesTraditionalReflectiveProxies -> false ]
2018-04-28 00:06:10.182 [ main ] - [ DEBUG ] [ com.mchange.v2.cfg.MConfig : 207 ] - The configuration file for resource identifier '/mchange-commons.properties' could not be found. Skipping.
2018-04-28 00:06:10.183 [ main ] - [ DEBUG ] [ com.mchange.v2.cfg.MConfig : 207 ] - The configuration file for resource identifier '/mchange-log.properties' could not be found. Skipping.
2018-04-28 00:06:10.183 [ main ] - [ DEBUG ] [ com.mchange.v2.cfg.MConfig : 207 ] - The configuration file for resource identifier '/c3p0.properties' could not be found. Skipping.
2018-04-28 00:06:10.183 [ main ] - [ DEBUG ] [ com.mchange.v2.cfg.MConfig : 207 ] - The configuration file for resource identifier 'hocon:/reference,/application,/c3p0,/' could not be found. Skipping.
2018-04-28 00:06:10.185 [ main ] - [ DEBUG ] [ com.mchange.v2.resourcepool.BasicResourcePool : 204 ] - com.mchange.v2.resourcepool.BasicResourcePool@101639ae config: [start -> 10; min -> 10; max -> 100; inc -> 3; num_acq_attempts -> 30; acq_attempt_delay -> 100; check_idle_resources_delay -> 60000; max_resource_age -> 0; max_idle_time -> 1800000; excess_max_idle_time -> 0; destroy_unreturned_resc_time -> 0; expiration_enforcement_delay -> 450000; break_on_acquisition_failure -> false; debug_store_checkout_exceptions -> false; force_synchronous_checkins -> false]
2018-04-28 00:06:10.187 [ main ] - [ DEBUG ] [ c.m.v2.c3p0.impl.C3P0PooledConnectionPoolManager : 204 ] - Created new pool for auth, username (masked): 'ro******'.
2018-04-28 00:06:10.188 [ main ] - [ DEBUG ] [ com.mchange.v2.resourcepool.BasicResourcePool : 204 ] - acquire test -- pool size: 0; target_pool_size: 10; desired target? 1
2018-04-28 00:06:10.188 [ main ] - [ DEBUG ] [ com.mchange.v2.resourcepool.BasicResourcePool : 204 ] - awaitAvailable(): [unknown]
2018-04-28 00:06:10.807 [ main ] - [ DEBUG ] [ o.m.spring.transaction.SpringManagedTransaction : 87 ] - JDBC Connection [com.mchange.v2.c3p0.impl.NewProxyConnection@65fe9e33 [wrapping: com.mysql.jdbc.JDBC4Connection@7dae71c5]] will not be managed by Spring
2018-04-28 00:06:10.813 [ main ] - [ DEBUG ] [ com.study.pengxin.dao.CommonMapper.qryArea : 159 ] - ==>  Preparing: select * from consult_configarea 
2018-04-28 00:06:10.889 [ main ] - [ DEBUG ] [ com.study.pengxin.dao.CommonMapper.qryArea : 159 ] - ==> Parameters: 
2018-04-28 00:06:10.903 [ main ] - [ DEBUG ] [ com.study.pengxin.dao.CommonMapper.qryArea : 159 ] - <==      Total: 1
2018-04-28 00:06:10.907 [ main ] - [ DEBUG ] [ org.mybatis.spring.SqlSessionUtils : 191 ] - Closing non transactional SqlSession [org.apache.ibatis.session.defaults.DefaultSqlSession@6d23017e]
2018-04-28 00:06:10.913 [ Thread-1 ] - [ DEBUG ] [ c.m.v2.c3p0.management.ActiveManagementCoordinator : 204 ] - MBean: com.mchange.v2.c3p0:type=PooledDataSource,identityToken=2sigyl9v26ghkff9d9pk|6e2aa843,name=2sigyl9v26ghkff9d9pk|6e2aa843 unregistered.
2018-04-28 00:06:10.914 [ Thread-1 ] - [ DEBUG ] [ c.m.v2.c3p0.management.ActiveManagementCoordinator : 204 ] - C3P0Registry mbean unregistered.
2018-04-28 00:06:10.914 [ Resource Destroyer in BasicResourcePool.close() ] - [ DEBUG ] [ com.mchange.v2.resourcepool.BasicResourcePool : 204 ] - Preparing to destroy resource: com.mchange.v2.c3p0.impl.NewPooledConnection@7221d301
2018-04-28 00:06:10.914 [ Resource Destroyer in BasicResourcePool.close() ] - [ DEBUG ] [ com.mchange.v2.c3p0.impl.C3P0PooledConnectionPool : 204 ] - Preparing to destroy PooledConnection: com.mchange.v2.c3p0.impl.NewPooledConnection@7221d301
2018-04-28 00:06:50.072 [ main ] - [ DEBUG ] [ org.apache.ibatis.logging.LogFactory : 135 ] - Logging initialized using 'class org.apache.ibatis.logging.slf4j.Slf4jImpl' adapter.
2018-04-28 00:06:50.118 [ MLog-Init-Reporter ] - [ INFO  ] [ com.mchange.v2.log.MLog : 212 ] - MLog clients using slf4j logging.
2018-04-28 00:06:50.125 [ MLog-Init-Reporter ] - [ DEBUG ] [ com.mchange.v2.log.MLog : 207 ] - Reading VM config for path list /com/mchange/v2/log/default-mchange-log.properties, /mchange-commons.properties, /c3p0.properties, hocon:/reference,/application,/c3p0,/, /mchange-log.properties, /
2018-04-28 00:06:50.125 [ MLog-Init-Reporter ] - [ DEBUG ] [ com.mchange.v2.log.MLog : 207 ] - The configuration file for resource identifier '/mchange-commons.properties' could not be found. Skipping.
2018-04-28 00:06:50.125 [ MLog-Init-Reporter ] - [ DEBUG ] [ com.mchange.v2.log.MLog : 207 ] - The configuration file for resource identifier '/c3p0.properties' could not be found. Skipping.
2018-04-28 00:06:50.125 [ MLog-Init-Reporter ] - [ DEBUG ] [ com.mchange.v2.log.MLog : 207 ] - The configuration file for resource identifier 'hocon:/reference,/application,/c3p0,/' could not be found. Skipping.
2018-04-28 00:06:50.125 [ MLog-Init-Reporter ] - [ DEBUG ] [ com.mchange.v2.log.MLog : 207 ] - The configuration file for resource identifier '/mchange-log.properties' could not be found. Skipping.
2018-04-28 00:06:50.128 [ main ] - [ DEBUG ] [ com.mchange.v2.cfg.MConfig : 207 ] - The configuration file for resource identifier '/mchange-commons.properties' could not be found. Skipping.
2018-04-28 00:06:50.129 [ main ] - [ DEBUG ] [ com.mchange.v2.cfg.MConfig : 207 ] - The configuration file for resource identifier '/mchange-log.properties' could not be found. Skipping.
2018-04-28 00:06:50.129 [ main ] - [ DEBUG ] [ com.mchange.v2.cfg.MConfig : 207 ] - The configuration file for resource identifier 'hocon:/reference,/application,/c3p0,/' could not be found. Skipping.
2018-04-28 00:06:50.130 [ main ] - [ DEBUG ] [ com.mchange.v2.cfg.MConfig : 207 ] - The configuration file for resource identifier '/c3p0.properties' could not be found. Skipping.
2018-04-28 00:06:50.445 [ main ] - [ INFO  ] [ com.mchange.v2.c3p0.C3P0Registry : 212 ] - Initializing c3p0-0.9.5.2 [built 08-December-2015 22:06:04 -0800; debug? true; trace: 10]
2018-04-28 00:06:50.473 [ main ] - [ DEBUG ] [ c.m.v.c.m.DynamicPooledDataSourceManagerMBean : 204 ] - MBean: com.mchange.v2.c3p0:type=PooledDataSource,identityToken=2sigyl9v26hd0t9thn4h|486be205,name=2sigyl9v26hd0t9thn4h|486be205 registered.
2018-04-28 00:06:50.500 [ main ] - [ DEBUG ] [ c.m.v.c.m.DynamicPooledDataSourceManagerMBean : 204 ] - MBean: com.mchange.v2.c3p0:type=PooledDataSource,identityToken=2sigyl9v26hd0t9thn4h|486be205,name=2sigyl9v26hd0t9thn4h|486be205 unregistered, in order to be reregistered after update.
2018-04-28 00:06:50.500 [ main ] - [ DEBUG ] [ c.m.v.c.m.DynamicPooledDataSourceManagerMBean : 204 ] - MBean: com.mchange.v2.c3p0:type=PooledDataSource,identityToken=2sigyl9v26hd0t9thn4h|486be205,name=2sigyl9v26hd0t9thn4h|486be205 registered.
2018-04-28 00:06:50.638 [ main ] - [ DEBUG ] [ org.mybatis.spring.SqlSessionFactoryBean : 410 ] - Property 'configuration' or 'configLocation' not specified, using default MyBatis Configuration
2018-04-28 00:06:50.811 [ main ] - [ DEBUG ] [ org.mybatis.spring.SqlSessionFactoryBean : 529 ] - Parsed mapper file: 'file [D:\software\eclipse\workspace2\zg-dao\target\classes\com\study\pengxin\config\commomMapper.xml]'
2018-04-28 00:07:14.430 [ main ] - [ DEBUG ] [ org.mybatis.spring.SqlSessionUtils : 97 ] - Creating a new SqlSession
2018-04-28 00:07:14.501 [ main ] - [ DEBUG ] [ org.mybatis.spring.SqlSessionUtils : 148 ] - SqlSession [org.apache.ibatis.session.defaults.DefaultSqlSession@f72203] was not registered for synchronization because synchronization is not active
2018-04-28 00:07:16.020 [ main ] - [ INFO  ] [ c.m.v2.c3p0.impl.AbstractPoolBackedDataSource : 212 ] - Initializing c3p0 pool... com.mchange.v2.c3p0.ComboPooledDataSource [ acquireIncrement -> 3, acquireRetryAttempts -> 30, acquireRetryDelay -> 100, autoCommitOnClose -> false, automaticTestTable -> null, breakAfterAcquireFailure -> false, checkoutTimeout -> 0, connectionCustomizerClassName -> null, connectionTesterClassName -> com.mchange.v2.c3p0.impl.DefaultConnectionTester, contextClassLoaderSource -> caller, dataSourceName -> 2sigyl9v26hd0t9thn4h|486be205, debugUnreturnedConnectionStackTraces -> false, description -> null, driverClass -> com.mysql.jdbc.Driver, extensions -> {}, factoryClassLocation -> null, forceIgnoreUnresolvedTransactions -> false, forceSynchronousCheckins -> false, forceUseNamedDriverClass -> false, identityToken -> 2sigyl9v26hd0t9thn4h|486be205, idleConnectionTestPeriod -> 60, initialPoolSize -> 10, jdbcUrl -> jdbc:mysql://localhost:3306/deve, maxAdministrativeTaskTime -> 0, maxConnectionAge -> 0, maxIdleTime -> 1800, maxIdleTimeExcessConnections -> 0, maxPoolSize -> 100, maxStatements -> 1000, maxStatementsPerConnection -> 0, minPoolSize -> 10, numHelperThreads -> 3, preferredTestQuery -> null, privilegeSpawnedThreads -> false, properties -> {user=******, password=******}, propertyCycle -> 0, statementCacheNumDeferredCloseThreads -> 0, testConnectionOnCheckin -> false, testConnectionOnCheckout -> false, unreturnedConnectionTimeout -> 0, userOverrides -> {}, usesTraditionalReflectiveProxies -> false ]
2018-04-28 00:07:16.341 [ main ] - [ DEBUG ] [ com.mchange.v2.cfg.MConfig : 207 ] - The configuration file for resource identifier '/mchange-commons.properties' could not be found. Skipping.
2018-04-28 00:07:16.346 [ main ] - [ DEBUG ] [ com.mchange.v2.cfg.MConfig : 207 ] - The configuration file for resource identifier '/mchange-log.properties' could not be found. Skipping.
2018-04-28 00:07:16.349 [ main ] - [ DEBUG ] [ com.mchange.v2.cfg.MConfig : 207 ] - The configuration file for resource identifier '/c3p0.properties' could not be found. Skipping.
2018-04-28 00:07:16.354 [ main ] - [ DEBUG ] [ com.mchange.v2.cfg.MConfig : 207 ] - The configuration file for resource identifier 'hocon:/reference,/application,/c3p0,/' could not be found. Skipping.
2018-04-28 00:07:16.376 [ main ] - [ DEBUG ] [ com.mchange.v2.resourcepool.BasicResourcePool : 204 ] - com.mchange.v2.resourcepool.BasicResourcePool@2a1debfa config: [start -> 10; min -> 10; max -> 100; inc -> 3; num_acq_attempts -> 30; acq_attempt_delay -> 100; check_idle_resources_delay -> 60000; max_resource_age -> 0; max_idle_time -> 1800000; excess_max_idle_time -> 0; destroy_unreturned_resc_time -> 0; expiration_enforcement_delay -> 450000; break_on_acquisition_failure -> false; debug_store_checkout_exceptions -> false; force_synchronous_checkins -> false]
2018-04-28 00:07:16.382 [ main ] - [ DEBUG ] [ c.m.v2.c3p0.impl.C3P0PooledConnectionPoolManager : 204 ] - Created new pool for auth, username (masked): 'ro******'.
2018-04-28 00:07:16.388 [ main ] - [ DEBUG ] [ com.mchange.v2.resourcepool.BasicResourcePool : 204 ] - acquire test -- pool size: 0; target_pool_size: 10; desired target? 1
2018-04-28 00:07:16.395 [ main ] - [ DEBUG ] [ com.mchange.v2.resourcepool.BasicResourcePool : 204 ] - awaitAvailable(): [unknown]
2018-04-28 00:07:17.108 [ main ] - [ DEBUG ] [ o.m.spring.transaction.SpringManagedTransaction : 87 ] - JDBC Connection [com.mchange.v2.c3p0.impl.NewProxyConnection@2116b68b [wrapping: com.mysql.jdbc.JDBC4Connection@26917a23]] will not be managed by Spring
2018-04-28 00:07:17.520 [ main ] - [ DEBUG ] [ com.study.pengxin.dao.CommonMapper.qryArea : 159 ] - ==>  Preparing: select * from consult_configarea 
2018-04-28 00:07:19.409 [ main ] - [ DEBUG ] [ com.study.pengxin.dao.CommonMapper.qryArea : 159 ] - ==> Parameters: 
2018-04-28 00:07:20.789 [ main ] - [ DEBUG ] [ com.study.pengxin.dao.CommonMapper.qryArea : 159 ] - <==      Total: 1
2018-04-28 00:07:20.815 [ main ] - [ DEBUG ] [ org.mybatis.spring.SqlSessionUtils : 191 ] - Closing non transactional SqlSession [org.apache.ibatis.session.defaults.DefaultSqlSession@f72203]
2018-04-28 00:07:51.026 [ Thread-1 ] - [ DEBUG ] [ c.m.v2.c3p0.management.ActiveManagementCoordinator : 204 ] - MBean: com.mchange.v2.c3p0:type=PooledDataSource,identityToken=2sigyl9v26hd0t9thn4h|486be205,name=2sigyl9v26hd0t9thn4h|486be205 unregistered.
2018-04-28 00:07:51.026 [ Resource Destroyer in BasicResourcePool.close() ] - [ DEBUG ] [ com.mchange.v2.resourcepool.BasicResourcePool : 204 ] - Preparing to destroy resource: com.mchange.v2.c3p0.impl.NewPooledConnection@1903f373
2018-04-28 00:07:51.026 [ Thread-1 ] - [ DEBUG ] [ c.m.v2.c3p0.management.ActiveManagementCoordinator : 204 ] - C3P0Registry mbean unregistered.
2018-04-28 00:07:51.026 [ Resource Destroyer in BasicResourcePool.close() ] - [ DEBUG ] [ com.mchange.v2.c3p0.impl.C3P0PooledConnectionPool : 204 ] - Preparing to destroy PooledConnection: com.mchange.v2.c3p0.impl.NewPooledConnection@1903f373
2018-04-28 00:08:38.706 [ main ] - [ DEBUG ] [ org.apache.ibatis.logging.LogFactory : 135 ] - Logging initialized using 'class org.apache.ibatis.logging.slf4j.Slf4jImpl' adapter.
2018-04-28 00:08:38.745 [ MLog-Init-Reporter ] - [ INFO  ] [ com.mchange.v2.log.MLog : 212 ] - MLog clients using slf4j logging.
2018-04-28 00:08:38.750 [ MLog-Init-Reporter ] - [ DEBUG ] [ com.mchange.v2.log.MLog : 207 ] - Reading VM config for path list /com/mchange/v2/log/default-mchange-log.properties, /mchange-commons.properties, /c3p0.properties, hocon:/reference,/application,/c3p0,/, /mchange-log.properties, /
2018-04-28 00:08:38.750 [ MLog-Init-Reporter ] - [ DEBUG ] [ com.mchange.v2.log.MLog : 207 ] - The configuration file for resource identifier '/mchange-commons.properties' could not be found. Skipping.
2018-04-28 00:08:38.750 [ MLog-Init-Reporter ] - [ DEBUG ] [ com.mchange.v2.log.MLog : 207 ] - The configuration file for resource identifier '/c3p0.properties' could not be found. Skipping.
2018-04-28 00:08:38.750 [ MLog-Init-Reporter ] - [ DEBUG ] [ com.mchange.v2.log.MLog : 207 ] - The configuration file for resource identifier 'hocon:/reference,/application,/c3p0,/' could not be found. Skipping.
2018-04-28 00:08:38.750 [ MLog-Init-Reporter ] - [ DEBUG ] [ com.mchange.v2.log.MLog : 207 ] - The configuration file for resource identifier '/mchange-log.properties' could not be found. Skipping.
2018-04-28 00:08:38.753 [ main ] - [ DEBUG ] [ com.mchange.v2.cfg.MConfig : 207 ] - The configuration file for resource identifier '/mchange-commons.properties' could not be found. Skipping.
2018-04-28 00:08:38.754 [ main ] - [ DEBUG ] [ com.mchange.v2.cfg.MConfig : 207 ] - The configuration file for resource identifier '/mchange-log.properties' could not be found. Skipping.
2018-04-28 00:08:38.754 [ main ] - [ DEBUG ] [ com.mchange.v2.cfg.MConfig : 207 ] - The configuration file for resource identifier 'hocon:/reference,/application,/c3p0,/' could not be found. Skipping.
2018-04-28 00:08:38.754 [ main ] - [ DEBUG ] [ com.mchange.v2.cfg.MConfig : 207 ] - The configuration file for resource identifier '/c3p0.properties' could not be found. Skipping.
2018-04-28 00:08:39.068 [ main ] - [ INFO  ] [ com.mchange.v2.c3p0.C3P0Registry : 212 ] - Initializing c3p0-0.9.5.2 [built 08-December-2015 22:06:04 -0800; debug? true; trace: 10]
2018-04-28 00:08:39.084 [ main ] - [ DEBUG ] [ c.m.v.c.m.DynamicPooledDataSourceManagerMBean : 204 ] - MBean: com.mchange.v2.c3p0:type=PooledDataSource,identityToken=2sigyl9v26jou2192w9qx|6e2aa843,name=2sigyl9v26jou2192w9qx|6e2aa843 registered.
2018-04-28 00:08:39.106 [ main ] - [ DEBUG ] [ c.m.v.c.m.DynamicPooledDataSourceManagerMBean : 204 ] - MBean: com.mchange.v2.c3p0:type=PooledDataSource,identityToken=2sigyl9v26jou2192w9qx|6e2aa843,name=2sigyl9v26jou2192w9qx|6e2aa843 unregistered, in order to be reregistered after update.
2018-04-28 00:08:39.107 [ main ] - [ DEBUG ] [ c.m.v.c.m.DynamicPooledDataSourceManagerMBean : 204 ] - MBean: com.mchange.v2.c3p0:type=PooledDataSource,identityToken=2sigyl9v26jou2192w9qx|6e2aa843,name=2sigyl9v26jou2192w9qx|6e2aa843 registered.
2018-04-28 00:08:39.233 [ main ] - [ DEBUG ] [ org.mybatis.spring.SqlSessionFactoryBean : 410 ] - Property 'configuration' or 'configLocation' not specified, using default MyBatis Configuration
2018-04-28 00:08:39.403 [ main ] - [ DEBUG ] [ org.mybatis.spring.SqlSessionFactoryBean : 529 ] - Parsed mapper file: 'file [D:\software\eclipse\workspace2\zg-dao\target\classes\com\study\pengxin\config\commomMapper.xml]'
2018-04-28 00:08:39.537 [ main ] - [ DEBUG ] [ org.mybatis.spring.SqlSessionUtils : 97 ] - Creating a new SqlSession
2018-04-28 00:08:39.544 [ main ] - [ DEBUG ] [ org.mybatis.spring.SqlSessionUtils : 148 ] - SqlSession [org.apache.ibatis.session.defaults.DefaultSqlSession@6d23017e] was not registered for synchronization because synchronization is not active
2018-04-28 00:08:39.576 [ main ] - [ INFO  ] [ c.m.v2.c3p0.impl.AbstractPoolBackedDataSource : 212 ] - Initializing c3p0 pool... com.mchange.v2.c3p0.ComboPooledDataSource [ acquireIncrement -> 3, acquireRetryAttempts -> 30, acquireRetryDelay -> 100, autoCommitOnClose -> false, automaticTestTable -> null, breakAfterAcquireFailure -> false, checkoutTimeout -> 0, connectionCustomizerClassName -> null, connectionTesterClassName -> com.mchange.v2.c3p0.impl.DefaultConnectionTester, contextClassLoaderSource -> caller, dataSourceName -> 2sigyl9v26jou2192w9qx|6e2aa843, debugUnreturnedConnectionStackTraces -> false, description -> null, driverClass -> com.mysql.jdbc.Driver, extensions -> {}, factoryClassLocation -> null, forceIgnoreUnresolvedTransactions -> false, forceSynchronousCheckins -> false, forceUseNamedDriverClass -> false, identityToken -> 2sigyl9v26jou2192w9qx|6e2aa843, idleConnectionTestPeriod -> 60, initialPoolSize -> 10, jdbcUrl -> jdbc:mysql://localhost:3306/deve, maxAdministrativeTaskTime -> 0, maxConnectionAge -> 0, maxIdleTime -> 1800, maxIdleTimeExcessConnections -> 0, maxPoolSize -> 100, maxStatements -> 1000, maxStatementsPerConnection -> 0, minPoolSize -> 10, numHelperThreads -> 3, preferredTestQuery -> null, privilegeSpawnedThreads -> false, properties -> {user=******, password=******}, propertyCycle -> 0, statementCacheNumDeferredCloseThreads -> 0, testConnectionOnCheckin -> false, testConnectionOnCheckout -> false, unreturnedConnectionTimeout -> 0, userOverrides -> {}, usesTraditionalReflectiveProxies -> false ]
2018-04-28 00:08:39.593 [ main ] - [ DEBUG ] [ com.mchange.v2.cfg.MConfig : 207 ] - The configuration file for resource identifier '/mchange-commons.properties' could not be found. Skipping.
2018-04-28 00:08:39.594 [ main ] - [ DEBUG ] [ com.mchange.v2.cfg.MConfig : 207 ] - The configuration file for resource identifier '/mchange-log.properties' could not be found. Skipping.
2018-04-28 00:08:39.594 [ main ] - [ DEBUG ] [ com.mchange.v2.cfg.MConfig : 207 ] - The configuration file for resource identifier '/c3p0.properties' could not be found. Skipping.
2018-04-28 00:08:39.594 [ main ] - [ DEBUG ] [ com.mchange.v2.cfg.MConfig : 207 ] - The configuration file for resource identifier 'hocon:/reference,/application,/c3p0,/' could not be found. Skipping.
2018-04-28 00:08:39.628 [ main ] - [ DEBUG ] [ com.mchange.v2.resourcepool.BasicResourcePool : 204 ] - com.mchange.v2.resourcepool.BasicResourcePool@101639ae config: [start -> 10; min -> 10; max -> 100; inc -> 3; num_acq_attempts -> 30; acq_attempt_delay -> 100; check_idle_resources_delay -> 60000; max_resource_age -> 0; max_idle_time -> 1800000; excess_max_idle_time -> 0; destroy_unreturned_resc_time -> 0; expiration_enforcement_delay -> 450000; break_on_acquisition_failure -> false; debug_store_checkout_exceptions -> false; force_synchronous_checkins -> false]
2018-04-28 00:08:39.628 [ main ] - [ DEBUG ] [ c.m.v2.c3p0.impl.C3P0PooledConnectionPoolManager : 204 ] - Created new pool for auth, username (masked): 'ro******'.
2018-04-28 00:08:39.629 [ main ] - [ DEBUG ] [ com.mchange.v2.resourcepool.BasicResourcePool : 204 ] - acquire test -- pool size: 0; target_pool_size: 10; desired target? 1
2018-04-28 00:08:39.629 [ main ] - [ DEBUG ] [ com.mchange.v2.resourcepool.BasicResourcePool : 204 ] - awaitAvailable(): [unknown]
2018-04-28 00:08:40.208 [ main ] - [ DEBUG ] [ o.m.spring.transaction.SpringManagedTransaction : 87 ] - JDBC Connection [com.mchange.v2.c3p0.impl.NewProxyConnection@65fe9e33 [wrapping: com.mysql.jdbc.JDBC4Connection@46884c70]] will not be managed by Spring
2018-04-28 00:08:40.212 [ main ] - [ DEBUG ] [ com.study.pengxin.dao.CommonMapper.qryArea : 159 ] - ==>  Preparing: select * from consult_configarea 
2018-04-28 00:08:40.296 [ main ] - [ DEBUG ] [ com.study.pengxin.dao.CommonMapper.qryArea : 159 ] - ==> Parameters: 
2018-04-28 00:08:40.311 [ main ] - [ DEBUG ] [ com.study.pengxin.dao.CommonMapper.qryArea : 159 ] - <==      Total: 1
2018-04-28 00:08:40.315 [ main ] - [ DEBUG ] [ org.mybatis.spring.SqlSessionUtils : 191 ] - Closing non transactional SqlSession [org.apache.ibatis.session.defaults.DefaultSqlSession@6d23017e]
2018-04-28 00:08:40.322 [ Thread-1 ] - [ DEBUG ] [ c.m.v2.c3p0.management.ActiveManagementCoordinator : 204 ] - MBean: com.mchange.v2.c3p0:type=PooledDataSource,identityToken=2sigyl9v26jou2192w9qx|6e2aa843,name=2sigyl9v26jou2192w9qx|6e2aa843 unregistered.
2018-04-28 00:08:40.323 [ Resource Destroyer in BasicResourcePool.close() ] - [ DEBUG ] [ com.mchange.v2.resourcepool.BasicResourcePool : 204 ] - Preparing to destroy resource: com.mchange.v2.c3p0.impl.NewPooledConnection@2a1a76fa
2018-04-28 00:08:40.323 [ Thread-1 ] - [ DEBUG ] [ c.m.v2.c3p0.management.ActiveManagementCoordinator : 204 ] - C3P0Registry mbean unregistered.
2018-04-28 00:08:40.323 [ Resource Destroyer in BasicResourcePool.close() ] - [ DEBUG ] [ com.mchange.v2.c3p0.impl.C3P0PooledConnectionPool : 204 ] - Preparing to destroy PooledConnection: com.mchange.v2.c3p0.impl.NewPooledConnection@2a1a76fa
2018-04-28 00:09:45.523 [ main ] - [ DEBUG ] [ org.apache.ibatis.logging.LogFactory : 135 ] - Logging initialized using 'class org.apache.ibatis.logging.slf4j.Slf4jImpl' adapter.
2018-04-28 00:09:45.562 [ MLog-Init-Reporter ] - [ INFO  ] [ com.mchange.v2.log.MLog : 212 ] - MLog clients using slf4j logging.
2018-04-28 00:09:45.567 [ MLog-Init-Reporter ] - [ DEBUG ] [ com.mchange.v2.log.MLog : 207 ] - Reading VM config for path list /com/mchange/v2/log/default-mchange-log.properties, /mchange-commons.properties, /c3p0.properties, hocon:/reference,/application,/c3p0,/, /mchange-log.properties, /
2018-04-28 00:09:45.567 [ MLog-Init-Reporter ] - [ DEBUG ] [ com.mchange.v2.log.MLog : 207 ] - The configuration file for resource identifier '/mchange-commons.properties' could not be found. Skipping.
2018-04-28 00:09:45.567 [ MLog-Init-Reporter ] - [ DEBUG ] [ com.mchange.v2.log.MLog : 207 ] - The configuration file for resource identifier '/c3p0.properties' could not be found. Skipping.
2018-04-28 00:09:45.567 [ MLog-Init-Reporter ] - [ DEBUG ] [ com.mchange.v2.log.MLog : 207 ] - The configuration file for resource identifier 'hocon:/reference,/application,/c3p0,/' could not be found. Skipping.
2018-04-28 00:09:45.567 [ MLog-Init-Reporter ] - [ DEBUG ] [ com.mchange.v2.log.MLog : 207 ] - The configuration file for resource identifier '/mchange-log.properties' could not be found. Skipping.
2018-04-28 00:09:45.570 [ main ] - [ DEBUG ] [ com.mchange.v2.cfg.MConfig : 207 ] - The configuration file for resource identifier '/mchange-commons.properties' could not be found. Skipping.
2018-04-28 00:09:45.571 [ main ] - [ DEBUG ] [ com.mchange.v2.cfg.MConfig : 207 ] - The configuration file for resource identifier '/mchange-log.properties' could not be found. Skipping.
2018-04-28 00:09:45.571 [ main ] - [ DEBUG ] [ com.mchange.v2.cfg.MConfig : 207 ] - The configuration file for resource identifier 'hocon:/reference,/application,/c3p0,/' could not be found. Skipping.
2018-04-28 00:09:45.571 [ main ] - [ DEBUG ] [ com.mchange.v2.cfg.MConfig : 207 ] - The configuration file for resource identifier '/c3p0.properties' could not be found. Skipping.
2018-04-28 00:09:45.873 [ main ] - [ INFO  ] [ com.mchange.v2.c3p0.C3P0Registry : 212 ] - Initializing c3p0-0.9.5.2 [built 08-December-2015 22:06:04 -0800; debug? true; trace: 10]
2018-04-28 00:09:45.888 [ main ] - [ DEBUG ] [ c.m.v.c.m.DynamicPooledDataSourceManagerMBean : 204 ] - MBean: com.mchange.v2.c3p0:type=PooledDataSource,identityToken=2sigyl9v26l4e4129i303|6e2aa843,name=2sigyl9v26l4e4129i303|6e2aa843 registered.
2018-04-28 00:09:45.910 [ main ] - [ DEBUG ] [ c.m.v.c.m.DynamicPooledDataSourceManagerMBean : 204 ] - MBean: com.mchange.v2.c3p0:type=PooledDataSource,identityToken=2sigyl9v26l4e4129i303|6e2aa843,name=2sigyl9v26l4e4129i303|6e2aa843 unregistered, in order to be reregistered after update.
2018-04-28 00:09:45.911 [ main ] - [ DEBUG ] [ c.m.v.c.m.DynamicPooledDataSourceManagerMBean : 204 ] - MBean: com.mchange.v2.c3p0:type=PooledDataSource,identityToken=2sigyl9v26l4e4129i303|6e2aa843,name=2sigyl9v26l4e4129i303|6e2aa843 registered.
2018-04-28 00:09:46.039 [ main ] - [ DEBUG ] [ org.mybatis.spring.SqlSessionFactoryBean : 410 ] - Property 'configuration' or 'configLocation' not specified, using default MyBatis Configuration
2018-04-28 00:09:46.218 [ main ] - [ DEBUG ] [ org.mybatis.spring.SqlSessionFactoryBean : 529 ] - Parsed mapper file: 'file [D:\software\eclipse\workspace2\zg-dao\target\classes\com\study\pengxin\config\commomMapper.xml]'
2018-04-28 00:09:46.339 [ main ] - [ DEBUG ] [ org.mybatis.spring.SqlSessionUtils : 97 ] - Creating a new SqlSession
2018-04-28 00:09:46.345 [ main ] - [ DEBUG ] [ org.mybatis.spring.SqlSessionUtils : 148 ] - SqlSession [org.apache.ibatis.session.defaults.DefaultSqlSession@6d23017e] was not registered for synchronization because synchronization is not active
2018-04-28 00:09:46.383 [ main ] - [ INFO  ] [ c.m.v2.c3p0.impl.AbstractPoolBackedDataSource : 212 ] - Initializing c3p0 pool... com.mchange.v2.c3p0.ComboPooledDataSource [ acquireIncrement -> 3, acquireRetryAttempts -> 30, acquireRetryDelay -> 100, autoCommitOnClose -> false, automaticTestTable -> null, breakAfterAcquireFailure -> false, checkoutTimeout -> 0, connectionCustomizerClassName -> null, connectionTesterClassName -> com.mchange.v2.c3p0.impl.DefaultConnectionTester, contextClassLoaderSource -> caller, dataSourceName -> 2sigyl9v26l4e4129i303|6e2aa843, debugUnreturnedConnectionStackTraces -> false, description -> null, driverClass -> com.mysql.jdbc.Driver, extensions -> {}, factoryClassLocation -> null, forceIgnoreUnresolvedTransactions -> false, forceSynchronousCheckins -> false, forceUseNamedDriverClass -> false, identityToken -> 2sigyl9v26l4e4129i303|6e2aa843, idleConnectionTestPeriod -> 60, initialPoolSize -> 10, jdbcUrl -> jdbc:mysql://localhost:3306/deve, maxAdministrativeTaskTime -> 0, maxConnectionAge -> 0, maxIdleTime -> 1800, maxIdleTimeExcessConnections -> 0, maxPoolSize -> 100, maxStatements -> 1000, maxStatementsPerConnection -> 0, minPoolSize -> 10, numHelperThreads -> 3, preferredTestQuery -> null, privilegeSpawnedThreads -> false, properties -> {user=******, password=******}, propertyCycle -> 0, statementCacheNumDeferredCloseThreads -> 0, testConnectionOnCheckin -> false, testConnectionOnCheckout -> false, unreturnedConnectionTimeout -> 0, userOverrides -> {}, usesTraditionalReflectiveProxies -> false ]
2018-04-28 00:09:46.398 [ main ] - [ DEBUG ] [ com.mchange.v2.cfg.MConfig : 207 ] - The configuration file for resource identifier '/mchange-commons.properties' could not be found. Skipping.
2018-04-28 00:09:46.398 [ main ] - [ DEBUG ] [ com.mchange.v2.cfg.MConfig : 207 ] - The configuration file for resource identifier '/mchange-log.properties' could not be found. Skipping.
2018-04-28 00:09:46.398 [ main ] - [ DEBUG ] [ com.mchange.v2.cfg.MConfig : 207 ] - The configuration file for resource identifier '/c3p0.properties' could not be found. Skipping.
2018-04-28 00:09:46.399 [ main ] - [ DEBUG ] [ com.mchange.v2.cfg.MConfig : 207 ] - The configuration file for resource identifier 'hocon:/reference,/application,/c3p0,/' could not be found. Skipping.
2018-04-28 00:09:46.400 [ main ] - [ DEBUG ] [ com.mchange.v2.resourcepool.BasicResourcePool : 204 ] - com.mchange.v2.resourcepool.BasicResourcePool@101639ae config: [start -> 10; min -> 10; max -> 100; inc -> 3; num_acq_attempts -> 30; acq_attempt_delay -> 100; check_idle_resources_delay -> 60000; max_resource_age -> 0; max_idle_time -> 1800000; excess_max_idle_time -> 0; destroy_unreturned_resc_time -> 0; expiration_enforcement_delay -> 450000; break_on_acquisition_failure -> false; debug_store_checkout_exceptions -> false; force_synchronous_checkins -> false]
2018-04-28 00:09:46.401 [ main ] - [ DEBUG ] [ c.m.v2.c3p0.impl.C3P0PooledConnectionPoolManager : 204 ] - Created new pool for auth, username (masked): 'ro******'.
2018-04-28 00:09:46.401 [ main ] - [ DEBUG ] [ com.mchange.v2.resourcepool.BasicResourcePool : 204 ] - acquire test -- pool size: 0; target_pool_size: 10; desired target? 1
2018-04-28 00:09:46.402 [ main ] - [ DEBUG ] [ com.mchange.v2.resourcepool.BasicResourcePool : 204 ] - awaitAvailable(): [unknown]
2018-04-28 00:09:47.054 [ main ] - [ DEBUG ] [ o.m.spring.transaction.SpringManagedTransaction : 87 ] - JDBC Connection [com.mchange.v2.c3p0.impl.NewProxyConnection@65fe9e33 [wrapping: com.mysql.jdbc.JDBC4Connection@42a76991]] will not be managed by Spring
2018-04-28 00:09:47.073 [ main ] - [ DEBUG ] [ com.study.pengxin.dao.CommonMapper.qryArea : 159 ] - ==>  Preparing: select * from consult_configarea 
2018-04-28 00:09:47.146 [ main ] - [ DEBUG ] [ com.study.pengxin.dao.CommonMapper.qryArea : 159 ] - ==> Parameters: 
2018-04-28 00:09:47.163 [ main ] - [ DEBUG ] [ com.study.pengxin.dao.CommonMapper.qryArea : 159 ] - <==      Total: 1
2018-04-28 00:09:47.167 [ main ] - [ DEBUG ] [ org.mybatis.spring.SqlSessionUtils : 191 ] - Closing non transactional SqlSession [org.apache.ibatis.session.defaults.DefaultSqlSession@6d23017e]
2018-04-28 00:09:47.175 [ Thread-1 ] - [ DEBUG ] [ c.m.v2.c3p0.management.ActiveManagementCoordinator : 204 ] - MBean: com.mchange.v2.c3p0:type=PooledDataSource,identityToken=2sigyl9v26l4e4129i303|6e2aa843,name=2sigyl9v26l4e4129i303|6e2aa843 unregistered.
2018-04-28 00:09:47.176 [ Thread-1 ] - [ DEBUG ] [ c.m.v2.c3p0.management.ActiveManagementCoordinator : 204 ] - C3P0Registry mbean unregistered.
2018-04-28 00:09:47.177 [ Resource Destroyer in BasicResourcePool.close() ] - [ DEBUG ] [ com.mchange.v2.resourcepool.BasicResourcePool : 204 ] - Preparing to destroy resource: com.mchange.v2.c3p0.impl.NewPooledConnection@2df37863
2018-04-28 00:09:47.177 [ Resource Destroyer in BasicResourcePool.close() ] - [ DEBUG ] [ com.mchange.v2.c3p0.impl.C3P0PooledConnectionPool : 204 ] - Preparing to destroy PooledConnection: com.mchange.v2.c3p0.impl.NewPooledConnection@2df37863
2018-04-28 00:09:47.178 [ Resource Destroyer in BasicResourcePool.close() ] - [ DEBUG ] [ com.mchange.v2.c3p0.impl.C3P0PooledConnectionPool : 204 ] - Successfully destroyed PooledConnection: com.mchange.v2.c3p0.impl.NewPooledConnection@2df37863
2018-04-28 00:09:47.178 [ Resource Destroyer in BasicResourcePool.close() ] - [ DEBUG ] [ com.mchange.v2.resourcepool.BasicResourcePool : 204 ] - Successfully destroyed resource: com.mchange.v2.c3p0.impl.NewPooledConnection@2df37863
2018-04-28 00:09:47.178 [ Resource Destroyer in BasicResourcePool.close() ] - [ DEBUG ] [ com.mchange.v2.resourcepool.BasicResourcePool : 204 ] - Preparing to destroy resource: com.mchange.v2.c3p0.impl.NewPooledConnection@21cfc69f
2018-04-28 00:09:47.178 [ Resource Destroyer in BasicResourcePool.close() ] - [ DEBUG ] [ com.mchange.v2.c3p0.impl.C3P0PooledConnectionPool : 204 ] - Preparing to destroy PooledConnection: com.mchange.v2.c3p0.impl.NewPooledConnection@21cfc69f
2018-04-28 00:09:47.179 [ Resource Destroyer in BasicResourcePool.close() ] - [ DEBUG ] [ com.mchange.v2.c3p0.impl.C3P0PooledConnectionPool : 204 ] - Successfully destroyed PooledConnection: com.mchange.v2.c3p0.impl.NewPooledConnection@21cfc69f
2018-04-28 00:09:47.180 [ Resource Destroyer in BasicResourcePool.close() ] - [ DEBUG ] [ com.mchange.v2.resourcepool.BasicResourcePool : 204 ] - Successfully destroyed resource: com.mchange.v2.c3p0.impl.NewPooledConnection@21cfc69f
2018-04-28 00:09:47.180 [ Resource Destroyer in BasicResourcePool.close() ] - [ DEBUG ] [ com.mchange.v2.resourcepool.BasicResourcePool : 204 ] - Preparing to destroy resource: com.mchange.v2.c3p0.impl.NewPooledConnection@15630950
2018-04-28 00:09:47.180 [ Resource Destroyer in BasicResourcePool.close() ] - [ DEBUG ] [ com.mchange.v2.c3p0.impl.C3P0PooledConnectionPool : 204 ] - Preparing to destroy PooledConnection: com.mchange.v2.c3p0.impl.NewPooledConnection@15630950
2018-04-28 00:11:48.733 [ main ] - [ DEBUG ] [ org.apache.ibatis.logging.LogFactory : 135 ] - Logging initialized using 'class org.apache.ibatis.logging.slf4j.Slf4jImpl' adapter.
2018-04-28 00:11:48.774 [ MLog-Init-Reporter ] - [ INFO  ] [ com.mchange.v2.log.MLog : 212 ] - MLog clients using slf4j logging.
2018-04-28 00:11:48.779 [ MLog-Init-Reporter ] - [ DEBUG ] [ com.mchange.v2.log.MLog : 207 ] - Reading VM config for path list /com/mchange/v2/log/default-mchange-log.properties, /mchange-commons.properties, /c3p0.properties, hocon:/reference,/application,/c3p0,/, /mchange-log.properties, /
2018-04-28 00:11:48.780 [ MLog-Init-Reporter ] - [ DEBUG ] [ com.mchange.v2.log.MLog : 207 ] - The configuration file for resource identifier '/mchange-commons.properties' could not be found. Skipping.
2018-04-28 00:11:48.780 [ MLog-Init-Reporter ] - [ DEBUG ] [ com.mchange.v2.log.MLog : 207 ] - The configuration file for resource identifier '/c3p0.properties' could not be found. Skipping.
2018-04-28 00:11:48.780 [ MLog-Init-Reporter ] - [ DEBUG ] [ com.mchange.v2.log.MLog : 207 ] - The configuration file for resource identifier 'hocon:/reference,/application,/c3p0,/' could not be found. Skipping.
2018-04-28 00:11:48.780 [ MLog-Init-Reporter ] - [ DEBUG ] [ com.mchange.v2.log.MLog : 207 ] - The configuration file for resource identifier '/mchange-log.properties' could not be found. Skipping.
2018-04-28 00:11:48.782 [ main ] - [ DEBUG ] [ com.mchange.v2.cfg.MConfig : 207 ] - The configuration file for resource identifier '/mchange-commons.properties' could not be found. Skipping.
2018-04-28 00:11:48.783 [ main ] - [ DEBUG ] [ com.mchange.v2.cfg.MConfig : 207 ] - The configuration file for resource identifier '/mchange-log.properties' could not be found. Skipping.
2018-04-28 00:11:48.783 [ main ] - [ DEBUG ] [ com.mchange.v2.cfg.MConfig : 207 ] - The configuration file for resource identifier 'hocon:/reference,/application,/c3p0,/' could not be found. Skipping.
2018-04-28 00:11:48.783 [ main ] - [ DEBUG ] [ com.mchange.v2.cfg.MConfig : 207 ] - The configuration file for resource identifier '/c3p0.properties' could not be found. Skipping.
2018-04-28 00:11:49.116 [ main ] - [ INFO  ] [ com.mchange.v2.c3p0.C3P0Registry : 212 ] - Initializing c3p0-0.9.5.2 [built 08-December-2015 22:06:04 -0800; debug? true; trace: 10]
2018-04-28 00:11:49.141 [ main ] - [ DEBUG ] [ c.m.v.c.m.DynamicPooledDataSourceManagerMBean : 204 ] - MBean: com.mchange.v2.c3p0:type=PooledDataSource,identityToken=2sigyl9v26nrgrf9kx2l|6e2aa843,name=2sigyl9v26nrgrf9kx2l|6e2aa843 registered.
2018-04-28 00:11:49.163 [ main ] - [ DEBUG ] [ c.m.v.c.m.DynamicPooledDataSourceManagerMBean : 204 ] - MBean: com.mchange.v2.c3p0:type=PooledDataSource,identityToken=2sigyl9v26nrgrf9kx2l|6e2aa843,name=2sigyl9v26nrgrf9kx2l|6e2aa843 unregistered, in order to be reregistered after update.
2018-04-28 00:11:49.163 [ main ] - [ DEBUG ] [ c.m.v.c.m.DynamicPooledDataSourceManagerMBean : 204 ] - MBean: com.mchange.v2.c3p0:type=PooledDataSource,identityToken=2sigyl9v26nrgrf9kx2l|6e2aa843,name=2sigyl9v26nrgrf9kx2l|6e2aa843 registered.
2018-04-28 00:11:49.307 [ main ] - [ DEBUG ] [ org.mybatis.spring.SqlSessionFactoryBean : 410 ] - Property 'configuration' or 'configLocation' not specified, using default MyBatis Configuration
2018-04-28 00:11:49.479 [ main ] - [ DEBUG ] [ org.mybatis.spring.SqlSessionFactoryBean : 529 ] - Parsed mapper file: 'file [D:\software\eclipse\workspace2\zg-dao\target\classes\com\study\pengxin\config\commomMapper.xml]'
2018-04-28 00:11:49.614 [ main ] - [ DEBUG ] [ org.mybatis.spring.SqlSessionUtils : 97 ] - Creating a new SqlSession
2018-04-28 00:11:49.619 [ main ] - [ DEBUG ] [ org.mybatis.spring.SqlSessionUtils : 148 ] - SqlSession [org.apache.ibatis.session.defaults.DefaultSqlSession@6d23017e] was not registered for synchronization because synchronization is not active
2018-04-28 00:11:49.657 [ main ] - [ INFO  ] [ c.m.v2.c3p0.impl.AbstractPoolBackedDataSource : 212 ] - Initializing c3p0 pool... com.mchange.v2.c3p0.ComboPooledDataSource [ acquireIncrement -> 3, acquireRetryAttempts -> 30, acquireRetryDelay -> 100, autoCommitOnClose -> false, automaticTestTable -> null, breakAfterAcquireFailure -> false, checkoutTimeout -> 0, connectionCustomizerClassName -> null, connectionTesterClassName -> com.mchange.v2.c3p0.impl.DefaultConnectionTester, contextClassLoaderSource -> caller, dataSourceName -> 2sigyl9v26nrgrf9kx2l|6e2aa843, debugUnreturnedConnectionStackTraces -> false, description -> null, driverClass -> com.mysql.jdbc.Driver, extensions -> {}, factoryClassLocation -> null, forceIgnoreUnresolvedTransactions -> false, forceSynchronousCheckins -> false, forceUseNamedDriverClass -> false, identityToken -> 2sigyl9v26nrgrf9kx2l|6e2aa843, idleConnectionTestPeriod -> 60, initialPoolSize -> 10, jdbcUrl -> jdbc:mysql://localhost:3306/deve, maxAdministrativeTaskTime -> 0, maxConnectionAge -> 0, maxIdleTime -> 1800, maxIdleTimeExcessConnections -> 0, maxPoolSize -> 100, maxStatements -> 1000, maxStatementsPerConnection -> 0, minPoolSize -> 10, numHelperThreads -> 3, preferredTestQuery -> null, privilegeSpawnedThreads -> false, properties -> {user=******, password=******}, propertyCycle -> 0, statementCacheNumDeferredCloseThreads -> 0, testConnectionOnCheckin -> false, testConnectionOnCheckout -> false, unreturnedConnectionTimeout -> 0, userOverrides -> {}, usesTraditionalReflectiveProxies -> false ]
2018-04-28 00:11:49.672 [ main ] - [ DEBUG ] [ com.mchange.v2.cfg.MConfig : 207 ] - The configuration file for resource identifier '/mchange-commons.properties' could not be found. Skipping.
2018-04-28 00:11:49.672 [ main ] - [ DEBUG ] [ com.mchange.v2.cfg.MConfig : 207 ] - The configuration file for resource identifier '/mchange-log.properties' could not be found. Skipping.
2018-04-28 00:11:49.673 [ main ] - [ DEBUG ] [ com.mchange.v2.cfg.MConfig : 207 ] - The configuration file for resource identifier '/c3p0.properties' could not be found. Skipping.
2018-04-28 00:11:49.673 [ main ] - [ DEBUG ] [ com.mchange.v2.cfg.MConfig : 207 ] - The configuration file for resource identifier 'hocon:/reference,/application,/c3p0,/' could not be found. Skipping.
2018-04-28 00:11:49.674 [ main ] - [ DEBUG ] [ com.mchange.v2.resourcepool.BasicResourcePool : 204 ] - com.mchange.v2.resourcepool.BasicResourcePool@101639ae config: [start -> 10; min -> 10; max -> 100; inc -> 3; num_acq_attempts -> 30; acq_attempt_delay -> 100; check_idle_resources_delay -> 60000; max_resource_age -> 0; max_idle_time -> 1800000; excess_max_idle_time -> 0; destroy_unreturned_resc_time -> 0; expiration_enforcement_delay -> 450000; break_on_acquisition_failure -> false; debug_store_checkout_exceptions -> false; force_synchronous_checkins -> false]
2018-04-28 00:11:49.675 [ main ] - [ DEBUG ] [ c.m.v2.c3p0.impl.C3P0PooledConnectionPoolManager : 204 ] - Created new pool for auth, username (masked): 'ro******'.
2018-04-28 00:11:49.675 [ main ] - [ DEBUG ] [ com.mchange.v2.resourcepool.BasicResourcePool : 204 ] - acquire test -- pool size: 0; target_pool_size: 10; desired target? 1
2018-04-28 00:11:49.675 [ main ] - [ DEBUG ] [ com.mchange.v2.resourcepool.BasicResourcePool : 204 ] - awaitAvailable(): [unknown]
2018-04-28 00:11:50.381 [ main ] - [ DEBUG ] [ o.m.spring.transaction.SpringManagedTransaction : 87 ] - JDBC Connection [com.mchange.v2.c3p0.impl.NewProxyConnection@65fe9e33 [wrapping: com.mysql.jdbc.JDBC4Connection@5b18acf2]] will not be managed by Spring
2018-04-28 00:11:50.395 [ main ] - [ DEBUG ] [ com.study.pengxin.dao.CommonMapper.qryArea : 159 ] - ==>  Preparing: select * from consult_configarea 
2018-04-28 00:11:50.494 [ main ] - [ DEBUG ] [ com.study.pengxin.dao.CommonMapper.qryArea : 159 ] - ==> Parameters: 
2018-04-28 00:11:50.510 [ main ] - [ DEBUG ] [ com.study.pengxin.dao.CommonMapper.qryArea : 159 ] - <==      Total: 1
2018-04-28 00:11:50.515 [ main ] - [ DEBUG ] [ org.mybatis.spring.SqlSessionUtils : 191 ] - Closing non transactional SqlSession [org.apache.ibatis.session.defaults.DefaultSqlSession@6d23017e]
2018-04-28 00:11:50.525 [ Thread-1 ] - [ DEBUG ] [ c.m.v2.c3p0.management.ActiveManagementCoordinator : 204 ] - MBean: com.mchange.v2.c3p0:type=PooledDataSource,identityToken=2sigyl9v26nrgrf9kx2l|6e2aa843,name=2sigyl9v26nrgrf9kx2l|6e2aa843 unregistered.
2018-04-28 00:11:50.526 [ Thread-1 ] - [ DEBUG ] [ c.m.v2.c3p0.management.ActiveManagementCoordinator : 204 ] - C3P0Registry mbean unregistered.
2018-04-28 00:12:36.136 [ main ] - [ DEBUG ] [ org.apache.ibatis.logging.LogFactory : 135 ] - Logging initialized using 'class org.apache.ibatis.logging.slf4j.Slf4jImpl' adapter.
2018-04-28 00:12:36.174 [ MLog-Init-Reporter ] - [ INFO  ] [ com.mchange.v2.log.MLog : 212 ] - MLog clients using slf4j logging.
2018-04-28 00:12:36.179 [ MLog-Init-Reporter ] - [ DEBUG ] [ com.mchange.v2.log.MLog : 207 ] - Reading VM config for path list /com/mchange/v2/log/default-mchange-log.properties, /mchange-commons.properties, /c3p0.properties, hocon:/reference,/application,/c3p0,/, /mchange-log.properties, /
2018-04-28 00:12:36.179 [ MLog-Init-Reporter ] - [ DEBUG ] [ com.mchange.v2.log.MLog : 207 ] - The configuration file for resource identifier '/mchange-commons.properties' could not be found. Skipping.
2018-04-28 00:12:36.179 [ MLog-Init-Reporter ] - [ DEBUG ] [ com.mchange.v2.log.MLog : 207 ] - The configuration file for resource identifier '/c3p0.properties' could not be found. Skipping.
2018-04-28 00:12:36.179 [ MLog-Init-Reporter ] - [ DEBUG ] [ com.mchange.v2.log.MLog : 207 ] - The configuration file for resource identifier 'hocon:/reference,/application,/c3p0,/' could not be found. Skipping.
2018-04-28 00:12:36.179 [ MLog-Init-Reporter ] - [ DEBUG ] [ com.mchange.v2.log.MLog : 207 ] - The configuration file for resource identifier '/mchange-log.properties' could not be found. Skipping.
2018-04-28 00:12:36.183 [ main ] - [ DEBUG ] [ com.mchange.v2.cfg.MConfig : 207 ] - The configuration file for resource identifier '/mchange-commons.properties' could not be found. Skipping.
2018-04-28 00:12:36.184 [ main ] - [ DEBUG ] [ com.mchange.v2.cfg.MConfig : 207 ] - The configuration file for resource identifier '/mchange-log.properties' could not be found. Skipping.
2018-04-28 00:12:36.184 [ main ] - [ DEBUG ] [ com.mchange.v2.cfg.MConfig : 207 ] - The configuration file for resource identifier 'hocon:/reference,/application,/c3p0,/' could not be found. Skipping.
2018-04-28 00:12:36.184 [ main ] - [ DEBUG ] [ com.mchange.v2.cfg.MConfig : 207 ] - The configuration file for resource identifier '/c3p0.properties' could not be found. Skipping.
2018-04-28 00:12:36.506 [ main ] - [ INFO  ] [ com.mchange.v2.c3p0.C3P0Registry : 212 ] - Initializing c3p0-0.9.5.2 [built 08-December-2015 22:06:04 -0800; debug? true; trace: 10]
2018-04-28 00:12:36.522 [ main ] - [ DEBUG ] [ c.m.v.c.m.DynamicPooledDataSourceManagerMBean : 204 ] - MBean: com.mchange.v2.c3p0:type=PooledDataSource,identityToken=2sigyl9v26os1c1j46pz6|6e2aa843,name=2sigyl9v26os1c1j46pz6|6e2aa843 registered.
2018-04-28 00:12:36.546 [ main ] - [ DEBUG ] [ c.m.v.c.m.DynamicPooledDataSourceManagerMBean : 204 ] - MBean: com.mchange.v2.c3p0:type=PooledDataSource,identityToken=2sigyl9v26os1c1j46pz6|6e2aa843,name=2sigyl9v26os1c1j46pz6|6e2aa843 unregistered, in order to be reregistered after update.
2018-04-28 00:12:36.547 [ main ] - [ DEBUG ] [ c.m.v.c.m.DynamicPooledDataSourceManagerMBean : 204 ] - MBean: com.mchange.v2.c3p0:type=PooledDataSource,identityToken=2sigyl9v26os1c1j46pz6|6e2aa843,name=2sigyl9v26os1c1j46pz6|6e2aa843 registered.
2018-04-28 00:12:36.682 [ main ] - [ DEBUG ] [ org.mybatis.spring.SqlSessionFactoryBean : 410 ] - Property 'configuration' or 'configLocation' not specified, using default MyBatis Configuration
2018-04-28 00:12:36.871 [ main ] - [ DEBUG ] [ org.mybatis.spring.SqlSessionFactoryBean : 529 ] - Parsed mapper file: 'file [D:\software\eclipse\workspace2\zg-dao\target\classes\com\study\pengxin\config\commomMapper.xml]'
2018-04-28 00:12:37.003 [ main ] - [ DEBUG ] [ org.mybatis.spring.SqlSessionUtils : 97 ] - Creating a new SqlSession
2018-04-28 00:12:37.009 [ main ] - [ DEBUG ] [ org.mybatis.spring.SqlSessionUtils : 148 ] - SqlSession [org.apache.ibatis.session.defaults.DefaultSqlSession@6d23017e] was not registered for synchronization because synchronization is not active
2018-04-28 00:12:37.047 [ main ] - [ INFO  ] [ c.m.v2.c3p0.impl.AbstractPoolBackedDataSource : 212 ] - Initializing c3p0 pool... com.mchange.v2.c3p0.ComboPooledDataSource [ acquireIncrement -> 3, acquireRetryAttempts -> 30, acquireRetryDelay -> 100, autoCommitOnClose -> false, automaticTestTable -> null, breakAfterAcquireFailure -> false, checkoutTimeout -> 0, connectionCustomizerClassName -> null, connectionTesterClassName -> com.mchange.v2.c3p0.impl.DefaultConnectionTester, contextClassLoaderSource -> caller, dataSourceName -> 2sigyl9v26os1c1j46pz6|6e2aa843, debugUnreturnedConnectionStackTraces -> false, description -> null, driverClass -> com.mysql.jdbc.Driver, extensions -> {}, factoryClassLocation -> null, forceIgnoreUnresolvedTransactions -> false, forceSynchronousCheckins -> false, forceUseNamedDriverClass -> false, identityToken -> 2sigyl9v26os1c1j46pz6|6e2aa843, idleConnectionTestPeriod -> 60, initialPoolSize -> 10, jdbcUrl -> jdbc:mysql://localhost:3306/deve, maxAdministrativeTaskTime -> 0, maxConnectionAge -> 0, maxIdleTime -> 1800, maxIdleTimeExcessConnections -> 0, maxPoolSize -> 100, maxStatements -> 1000, maxStatementsPerConnection -> 0, minPoolSize -> 10, numHelperThreads -> 3, preferredTestQuery -> null, privilegeSpawnedThreads -> false, properties -> {user=******, password=******}, propertyCycle -> 0, statementCacheNumDeferredCloseThreads -> 0, testConnectionOnCheckin -> false, testConnectionOnCheckout -> false, unreturnedConnectionTimeout -> 0, userOverrides -> {}, usesTraditionalReflectiveProxies -> false ]
2018-04-28 00:12:37.066 [ main ] - [ DEBUG ] [ com.mchange.v2.cfg.MConfig : 207 ] - The configuration file for resource identifier '/mchange-commons.properties' could not be found. Skipping.
2018-04-28 00:12:37.067 [ main ] - [ DEBUG ] [ com.mchange.v2.cfg.MConfig : 207 ] - The configuration file for resource identifier '/mchange-log.properties' could not be found. Skipping.
2018-04-28 00:12:37.067 [ main ] - [ DEBUG ] [ com.mchange.v2.cfg.MConfig : 207 ] - The configuration file for resource identifier '/c3p0.properties' could not be found. Skipping.
2018-04-28 00:12:37.067 [ main ] - [ DEBUG ] [ com.mchange.v2.cfg.MConfig : 207 ] - The configuration file for resource identifier 'hocon:/reference,/application,/c3p0,/' could not be found. Skipping.
2018-04-28 00:12:37.069 [ main ] - [ DEBUG ] [ com.mchange.v2.resourcepool.BasicResourcePool : 204 ] - com.mchange.v2.resourcepool.BasicResourcePool@101639ae config: [start -> 10; min -> 10; max -> 100; inc -> 3; num_acq_attempts -> 30; acq_attempt_delay -> 100; check_idle_resources_delay -> 60000; max_resource_age -> 0; max_idle_time -> 1800000; excess_max_idle_time -> 0; destroy_unreturned_resc_time -> 0; expiration_enforcement_delay -> 450000; break_on_acquisition_failure -> false; debug_store_checkout_exceptions -> false; force_synchronous_checkins -> false]
2018-04-28 00:12:37.070 [ main ] - [ DEBUG ] [ c.m.v2.c3p0.impl.C3P0PooledConnectionPoolManager : 204 ] - Created new pool for auth, username (masked): 'ro******'.
2018-04-28 00:12:37.070 [ main ] - [ DEBUG ] [ com.mchange.v2.resourcepool.BasicResourcePool : 204 ] - acquire test -- pool size: 0; target_pool_size: 10; desired target? 1
2018-04-28 00:12:37.070 [ main ] - [ DEBUG ] [ com.mchange.v2.resourcepool.BasicResourcePool : 204 ] - awaitAvailable(): [unknown]
2018-04-28 00:12:37.726 [ main ] - [ DEBUG ] [ o.m.spring.transaction.SpringManagedTransaction : 87 ] - JDBC Connection [com.mchange.v2.c3p0.impl.NewProxyConnection@65fe9e33 [wrapping: com.mysql.jdbc.JDBC4Connection@145bcc22]] will not be managed by Spring
2018-04-28 00:12:37.775 [ main ] - [ DEBUG ] [ com.study.pengxin.dao.CommonMapper.qryArea : 159 ] - ==>  Preparing: select * from consult_configarea 
2018-04-28 00:12:37.805 [ main ] - [ DEBUG ] [ com.study.pengxin.dao.CommonMapper.qryArea : 159 ] - ==> Parameters: 
2018-04-28 00:12:37.822 [ main ] - [ DEBUG ] [ com.study.pengxin.dao.CommonMapper.qryArea : 159 ] - <==      Total: 1
2018-04-28 00:12:37.827 [ main ] - [ DEBUG ] [ org.mybatis.spring.SqlSessionUtils : 191 ] - Closing non transactional SqlSession [org.apache.ibatis.session.defaults.DefaultSqlSession@6d23017e]
2018-04-28 00:12:37.835 [ Thread-1 ] - [ DEBUG ] [ c.m.v2.c3p0.management.ActiveManagementCoordinator : 204 ] - MBean: com.mchange.v2.c3p0:type=PooledDataSource,identityToken=2sigyl9v26os1c1j46pz6|6e2aa843,name=2sigyl9v26os1c1j46pz6|6e2aa843 unregistered.
2018-04-28 00:12:37.836 [ Thread-1 ] - [ DEBUG ] [ c.m.v2.c3p0.management.ActiveManagementCoordinator : 204 ] - C3P0Registry mbean unregistered.
2018-04-28 00:13:09.542 [ main ] - [ DEBUG ] [ org.apache.ibatis.logging.LogFactory : 135 ] - Logging initialized using 'class org.apache.ibatis.logging.slf4j.Slf4jImpl' adapter.
2018-04-28 00:13:09.581 [ MLog-Init-Reporter ] - [ INFO  ] [ com.mchange.v2.log.MLog : 212 ] - MLog clients using slf4j logging.
2018-04-28 00:13:09.586 [ MLog-Init-Reporter ] - [ DEBUG ] [ com.mchange.v2.log.MLog : 207 ] - Reading VM config for path list /com/mchange/v2/log/default-mchange-log.properties, /mchange-commons.properties, /c3p0.properties, hocon:/reference,/application,/c3p0,/, /mchange-log.properties, /
2018-04-28 00:13:09.586 [ MLog-Init-Reporter ] - [ DEBUG ] [ com.mchange.v2.log.MLog : 207 ] - The configuration file for resource identifier '/mchange-commons.properties' could not be found. Skipping.
2018-04-28 00:13:09.586 [ MLog-Init-Reporter ] - [ DEBUG ] [ com.mchange.v2.log.MLog : 207 ] - The configuration file for resource identifier '/c3p0.properties' could not be found. Skipping.
2018-04-28 00:13:09.586 [ MLog-Init-Reporter ] - [ DEBUG ] [ com.mchange.v2.log.MLog : 207 ] - The configuration file for resource identifier 'hocon:/reference,/application,/c3p0,/' could not be found. Skipping.
2018-04-28 00:13:09.586 [ MLog-Init-Reporter ] - [ DEBUG ] [ com.mchange.v2.log.MLog : 207 ] - The configuration file for resource identifier '/mchange-log.properties' could not be found. Skipping.
2018-04-28 00:13:09.589 [ main ] - [ DEBUG ] [ com.mchange.v2.cfg.MConfig : 207 ] - The configuration file for resource identifier '/mchange-commons.properties' could not be found. Skipping.
2018-04-28 00:13:09.589 [ main ] - [ DEBUG ] [ com.mchange.v2.cfg.MConfig : 207 ] - The configuration file for resource identifier '/mchange-log.properties' could not be found. Skipping.
2018-04-28 00:13:09.590 [ main ] - [ DEBUG ] [ com.mchange.v2.cfg.MConfig : 207 ] - The configuration file for resource identifier 'hocon:/reference,/application,/c3p0,/' could not be found. Skipping.
2018-04-28 00:13:09.590 [ main ] - [ DEBUG ] [ com.mchange.v2.cfg.MConfig : 207 ] - The configuration file for resource identifier '/c3p0.properties' could not be found. Skipping.
2018-04-28 00:13:09.935 [ main ] - [ INFO  ] [ com.mchange.v2.c3p0.C3P0Registry : 212 ] - Initializing c3p0-0.9.5.2 [built 08-December-2015 22:06:04 -0800; debug? true; trace: 10]
2018-04-28 00:13:09.952 [ main ] - [ DEBUG ] [ c.m.v.c.m.DynamicPooledDataSourceManagerMBean : 204 ] - MBean: com.mchange.v2.c3p0:type=PooledDataSource,identityToken=2sigyl9v26pht91smiutc|6e2aa843,name=2sigyl9v26pht91smiutc|6e2aa843 registered.
2018-04-28 00:13:09.973 [ main ] - [ DEBUG ] [ c.m.v.c.m.DynamicPooledDataSourceManagerMBean : 204 ] - MBean: com.mchange.v2.c3p0:type=PooledDataSource,identityToken=2sigyl9v26pht91smiutc|6e2aa843,name=2sigyl9v26pht91smiutc|6e2aa843 unregistered, in order to be reregistered after update.
2018-04-28 00:13:09.974 [ main ] - [ DEBUG ] [ c.m.v.c.m.DynamicPooledDataSourceManagerMBean : 204 ] - MBean: com.mchange.v2.c3p0:type=PooledDataSource,identityToken=2sigyl9v26pht91smiutc|6e2aa843,name=2sigyl9v26pht91smiutc|6e2aa843 registered.
2018-04-28 00:13:10.111 [ main ] - [ DEBUG ] [ org.mybatis.spring.SqlSessionFactoryBean : 410 ] - Property 'configuration' or 'configLocation' not specified, using default MyBatis Configuration
2018-04-28 00:13:10.290 [ main ] - [ DEBUG ] [ org.mybatis.spring.SqlSessionFactoryBean : 529 ] - Parsed mapper file: 'file [D:\software\eclipse\workspace2\zg-dao\target\classes\com\study\pengxin\config\commomMapper.xml]'
2018-04-28 00:13:10.439 [ main ] - [ DEBUG ] [ org.mybatis.spring.SqlSessionUtils : 97 ] - Creating a new SqlSession
2018-04-28 00:13:10.443 [ main ] - [ DEBUG ] [ org.mybatis.spring.SqlSessionUtils : 148 ] - SqlSession [org.apache.ibatis.session.defaults.DefaultSqlSession@6d23017e] was not registered for synchronization because synchronization is not active
2018-04-28 00:13:10.486 [ main ] - [ INFO  ] [ c.m.v2.c3p0.impl.AbstractPoolBackedDataSource : 212 ] - Initializing c3p0 pool... com.mchange.v2.c3p0.ComboPooledDataSource [ acquireIncrement -> 3, acquireRetryAttempts -> 30, acquireRetryDelay -> 100, autoCommitOnClose -> false, automaticTestTable -> null, breakAfterAcquireFailure -> false, checkoutTimeout -> 0, connectionCustomizerClassName -> null, connectionTesterClassName -> com.mchange.v2.c3p0.impl.DefaultConnectionTester, contextClassLoaderSource -> caller, dataSourceName -> 2sigyl9v26pht91smiutc|6e2aa843, debugUnreturnedConnectionStackTraces -> false, description -> null, driverClass -> com.mysql.jdbc.Driver, extensions -> {}, factoryClassLocation -> null, forceIgnoreUnresolvedTransactions -> false, forceSynchronousCheckins -> false, forceUseNamedDriverClass -> false, identityToken -> 2sigyl9v26pht91smiutc|6e2aa843, idleConnectionTestPeriod -> 60, initialPoolSize -> 10, jdbcUrl -> jdbc:mysql://localhost:3306/deve, maxAdministrativeTaskTime -> 0, maxConnectionAge -> 0, maxIdleTime -> 1800, maxIdleTimeExcessConnections -> 0, maxPoolSize -> 100, maxStatements -> 1000, maxStatementsPerConnection -> 0, minPoolSize -> 10, numHelperThreads -> 3, preferredTestQuery -> null, privilegeSpawnedThreads -> false, properties -> {user=******, password=******}, propertyCycle -> 0, statementCacheNumDeferredCloseThreads -> 0, testConnectionOnCheckin -> false, testConnectionOnCheckout -> false, unreturnedConnectionTimeout -> 0, userOverrides -> {}, usesTraditionalReflectiveProxies -> false ]
2018-04-28 00:13:10.506 [ main ] - [ DEBUG ] [ com.mchange.v2.cfg.MConfig : 207 ] - The configuration file for resource identifier '/mchange-commons.properties' could not be found. Skipping.
2018-04-28 00:13:10.506 [ main ] - [ DEBUG ] [ com.mchange.v2.cfg.MConfig : 207 ] - The configuration file for resource identifier '/mchange-log.properties' could not be found. Skipping.
2018-04-28 00:13:10.506 [ main ] - [ DEBUG ] [ com.mchange.v2.cfg.MConfig : 207 ] - The configuration file for resource identifier '/c3p0.properties' could not be found. Skipping.
2018-04-28 00:13:10.507 [ main ] - [ DEBUG ] [ com.mchange.v2.cfg.MConfig : 207 ] - The configuration file for resource identifier 'hocon:/reference,/application,/c3p0,/' could not be found. Skipping.
2018-04-28 00:13:10.509 [ main ] - [ DEBUG ] [ com.mchange.v2.resourcepool.BasicResourcePool : 204 ] - com.mchange.v2.resourcepool.BasicResourcePool@101639ae config: [start -> 10; min -> 10; max -> 100; inc -> 3; num_acq_attempts -> 30; acq_attempt_delay -> 100; check_idle_resources_delay -> 60000; max_resource_age -> 0; max_idle_time -> 1800000; excess_max_idle_time -> 0; destroy_unreturned_resc_time -> 0; expiration_enforcement_delay -> 450000; break_on_acquisition_failure -> false; debug_store_checkout_exceptions -> false; force_synchronous_checkins -> false]
2018-04-28 00:13:10.509 [ main ] - [ DEBUG ] [ c.m.v2.c3p0.impl.C3P0PooledConnectionPoolManager : 204 ] - Created new pool for auth, username (masked): 'ro******'.
2018-04-28 00:13:10.510 [ main ] - [ DEBUG ] [ com.mchange.v2.resourcepool.BasicResourcePool : 204 ] - acquire test -- pool size: 0; target_pool_size: 10; desired target? 1
2018-04-28 00:13:10.510 [ main ] - [ DEBUG ] [ com.mchange.v2.resourcepool.BasicResourcePool : 204 ] - awaitAvailable(): [unknown]
2018-04-28 00:13:11.253 [ main ] - [ DEBUG ] [ o.m.spring.transaction.SpringManagedTransaction : 87 ] - JDBC Connection [com.mchange.v2.c3p0.impl.NewProxyConnection@65fe9e33 [wrapping: com.mysql.jdbc.JDBC4Connection@32f3cd78]] will not be managed by Spring
2018-04-28 00:13:11.262 [ main ] - [ DEBUG ] [ com.study.pengxin.dao.CommonMapper.qryArea : 159 ] - ==>  Preparing: select * from consult_configarea 
2018-04-28 00:13:11.330 [ main ] - [ DEBUG ] [ com.study.pengxin.dao.CommonMapper.qryArea : 159 ] - ==> Parameters: 
2018-04-28 00:13:11.346 [ main ] - [ DEBUG ] [ com.study.pengxin.dao.CommonMapper.qryArea : 159 ] - <==      Total: 1
2018-04-28 00:13:11.351 [ main ] - [ DEBUG ] [ org.mybatis.spring.SqlSessionUtils : 191 ] - Closing non transactional SqlSession [org.apache.ibatis.session.defaults.DefaultSqlSession@6d23017e]
2018-04-28 00:13:11.358 [ Thread-1 ] - [ DEBUG ] [ c.m.v2.c3p0.management.ActiveManagementCoordinator : 204 ] - MBean: com.mchange.v2.c3p0:type=PooledDataSource,identityToken=2sigyl9v26pht91smiutc|6e2aa843,name=2sigyl9v26pht91smiutc|6e2aa843 unregistered.
2018-04-28 00:13:11.359 [ Thread-1 ] - [ DEBUG ] [ c.m.v2.c3p0.management.ActiveManagementCoordinator : 204 ] - C3P0Registry mbean unregistered.
2018-04-28 00:13:11.359 [ Resource Destroyer in BasicResourcePool.close() ] - [ DEBUG ] [ com.mchange.v2.resourcepool.BasicResourcePool : 204 ] - Preparing to destroy resource: com.mchange.v2.c3p0.impl.NewPooledConnection@198ae4ca
2018-04-28 00:13:11.359 [ Resource Destroyer in BasicResourcePool.close() ] - [ DEBUG ] [ com.mchange.v2.c3p0.impl.C3P0PooledConnectionPool : 204 ] - Preparing to destroy PooledConnection: com.mchange.v2.c3p0.impl.NewPooledConnection@198ae4ca
2018-04-28 00:13:38.352 [ main ] - [ DEBUG ] [ org.apache.ibatis.logging.LogFactory : 135 ] - Logging initialized using 'class org.apache.ibatis.logging.slf4j.Slf4jImpl' adapter.
2018-04-28 00:13:38.392 [ MLog-Init-Reporter ] - [ INFO  ] [ com.mchange.v2.log.MLog : 212 ] - MLog clients using slf4j logging.
2018-04-28 00:13:38.398 [ MLog-Init-Reporter ] - [ DEBUG ] [ com.mchange.v2.log.MLog : 207 ] - Reading VM config for path list /com/mchange/v2/log/default-mchange-log.properties, /mchange-commons.properties, /c3p0.properties, hocon:/reference,/application,/c3p0,/, /mchange-log.properties, /
2018-04-28 00:13:38.398 [ MLog-Init-Reporter ] - [ DEBUG ] [ com.mchange.v2.log.MLog : 207 ] - The configuration file for resource identifier '/mchange-commons.properties' could not be found. Skipping.
2018-04-28 00:13:38.398 [ MLog-Init-Reporter ] - [ DEBUG ] [ com.mchange.v2.log.MLog : 207 ] - The configuration file for resource identifier '/c3p0.properties' could not be found. Skipping.
2018-04-28 00:13:38.398 [ MLog-Init-Reporter ] - [ DEBUG ] [ com.mchange.v2.log.MLog : 207 ] - The configuration file for resource identifier 'hocon:/reference,/application,/c3p0,/' could not be found. Skipping.
2018-04-28 00:13:38.398 [ MLog-Init-Reporter ] - [ DEBUG ] [ com.mchange.v2.log.MLog : 207 ] - The configuration file for resource identifier '/mchange-log.properties' could not be found. Skipping.
2018-04-28 00:13:38.400 [ main ] - [ DEBUG ] [ com.mchange.v2.cfg.MConfig : 207 ] - The configuration file for resource identifier '/mchange-commons.properties' could not be found. Skipping.
2018-04-28 00:13:38.401 [ main ] - [ DEBUG ] [ com.mchange.v2.cfg.MConfig : 207 ] - The configuration file for resource identifier '/mchange-log.properties' could not be found. Skipping.
2018-04-28 00:13:38.401 [ main ] - [ DEBUG ] [ com.mchange.v2.cfg.MConfig : 207 ] - The configuration file for resource identifier 'hocon:/reference,/application,/c3p0,/' could not be found. Skipping.
2018-04-28 00:13:38.401 [ main ] - [ DEBUG ] [ com.mchange.v2.cfg.MConfig : 207 ] - The configuration file for resource identifier '/c3p0.properties' could not be found. Skipping.
2018-04-28 00:13:38.723 [ main ] - [ INFO  ] [ com.mchange.v2.c3p0.C3P0Registry : 212 ] - Initializing c3p0-0.9.5.2 [built 08-December-2015 22:06:04 -0800; debug? true; trace: 10]
2018-04-28 00:13:38.746 [ main ] - [ DEBUG ] [ c.m.v.c.m.DynamicPooledDataSourceManagerMBean : 204 ] - MBean: com.mchange.v2.c3p0:type=PooledDataSource,identityToken=2sigyl9v26q41n1ros4s9|6e2aa843,name=2sigyl9v26q41n1ros4s9|6e2aa843 registered.
2018-04-28 00:13:38.768 [ main ] - [ DEBUG ] [ c.m.v.c.m.DynamicPooledDataSourceManagerMBean : 204 ] - MBean: com.mchange.v2.c3p0:type=PooledDataSource,identityToken=2sigyl9v26q41n1ros4s9|6e2aa843,name=2sigyl9v26q41n1ros4s9|6e2aa843 unregistered, in order to be reregistered after update.
2018-04-28 00:13:38.769 [ main ] - [ DEBUG ] [ c.m.v.c.m.DynamicPooledDataSourceManagerMBean : 204 ] - MBean: com.mchange.v2.c3p0:type=PooledDataSource,identityToken=2sigyl9v26q41n1ros4s9|6e2aa843,name=2sigyl9v26q41n1ros4s9|6e2aa843 registered.
2018-04-28 00:13:38.914 [ main ] - [ DEBUG ] [ org.mybatis.spring.SqlSessionFactoryBean : 410 ] - Property 'configuration' or 'configLocation' not specified, using default MyBatis Configuration
2018-04-28 00:13:39.080 [ main ] - [ DEBUG ] [ org.mybatis.spring.SqlSessionFactoryBean : 529 ] - Parsed mapper file: 'file [D:\software\eclipse\workspace2\zg-dao\target\classes\com\study\pengxin\config\commomMapper.xml]'
2018-04-28 00:13:39.207 [ main ] - [ DEBUG ] [ org.mybatis.spring.SqlSessionUtils : 97 ] - Creating a new SqlSession
2018-04-28 00:13:39.213 [ main ] - [ DEBUG ] [ org.mybatis.spring.SqlSessionUtils : 148 ] - SqlSession [org.apache.ibatis.session.defaults.DefaultSqlSession@6d23017e] was not registered for synchronization because synchronization is not active
2018-04-28 00:13:39.249 [ main ] - [ INFO  ] [ c.m.v2.c3p0.impl.AbstractPoolBackedDataSource : 212 ] - Initializing c3p0 pool... com.mchange.v2.c3p0.ComboPooledDataSource [ acquireIncrement -> 3, acquireRetryAttempts -> 30, acquireRetryDelay -> 100, autoCommitOnClose -> false, automaticTestTable -> null, breakAfterAcquireFailure -> false, checkoutTimeout -> 0, connectionCustomizerClassName -> null, connectionTesterClassName -> com.mchange.v2.c3p0.impl.DefaultConnectionTester, contextClassLoaderSource -> caller, dataSourceName -> 2sigyl9v26q41n1ros4s9|6e2aa843, debugUnreturnedConnectionStackTraces -> false, description -> null, driverClass -> com.mysql.jdbc.Driver, extensions -> {}, factoryClassLocation -> null, forceIgnoreUnresolvedTransactions -> false, forceSynchronousCheckins -> false, forceUseNamedDriverClass -> false, identityToken -> 2sigyl9v26q41n1ros4s9|6e2aa843, idleConnectionTestPeriod -> 60, initialPoolSize -> 10, jdbcUrl -> jdbc:mysql://localhost:3306/deve, maxAdministrativeTaskTime -> 0, maxConnectionAge -> 0, maxIdleTime -> 1800, maxIdleTimeExcessConnections -> 0, maxPoolSize -> 100, maxStatements -> 1000, maxStatementsPerConnection -> 0, minPoolSize -> 10, numHelperThreads -> 3, preferredTestQuery -> null, privilegeSpawnedThreads -> false, properties -> {user=******, password=******}, propertyCycle -> 0, statementCacheNumDeferredCloseThreads -> 0, testConnectionOnCheckin -> false, testConnectionOnCheckout -> false, unreturnedConnectionTimeout -> 0, userOverrides -> {}, usesTraditionalReflectiveProxies -> false ]
2018-04-28 00:13:39.266 [ main ] - [ DEBUG ] [ com.mchange.v2.cfg.MConfig : 207 ] - The configuration file for resource identifier '/mchange-commons.properties' could not be found. Skipping.
2018-04-28 00:13:39.266 [ main ] - [ DEBUG ] [ com.mchange.v2.cfg.MConfig : 207 ] - The configuration file for resource identifier '/mchange-log.properties' could not be found. Skipping.
2018-04-28 00:13:39.267 [ main ] - [ DEBUG ] [ com.mchange.v2.cfg.MConfig : 207 ] - The configuration file for resource identifier '/c3p0.properties' could not be found. Skipping.
2018-04-28 00:13:39.267 [ main ] - [ DEBUG ] [ com.mchange.v2.cfg.MConfig : 207 ] - The configuration file for resource identifier 'hocon:/reference,/application,/c3p0,/' could not be found. Skipping.
2018-04-28 00:13:39.268 [ main ] - [ DEBUG ] [ com.mchange.v2.resourcepool.BasicResourcePool : 204 ] - com.mchange.v2.resourcepool.BasicResourcePool@101639ae config: [start -> 10; min -> 10; max -> 100; inc -> 3; num_acq_attempts -> 30; acq_attempt_delay -> 100; check_idle_resources_delay -> 60000; max_resource_age -> 0; max_idle_time -> 1800000; excess_max_idle_time -> 0; destroy_unreturned_resc_time -> 0; expiration_enforcement_delay -> 450000; break_on_acquisition_failure -> false; debug_store_checkout_exceptions -> false; force_synchronous_checkins -> false]
2018-04-28 00:13:39.269 [ main ] - [ DEBUG ] [ c.m.v2.c3p0.impl.C3P0PooledConnectionPoolManager : 204 ] - Created new pool for auth, username (masked): 'ro******'.
2018-04-28 00:13:39.269 [ main ] - [ DEBUG ] [ com.mchange.v2.resourcepool.BasicResourcePool : 204 ] - acquire test -- pool size: 0; target_pool_size: 10; desired target? 1
2018-04-28 00:13:39.270 [ main ] - [ DEBUG ] [ com.mchange.v2.resourcepool.BasicResourcePool : 204 ] - awaitAvailable(): [unknown]
2018-04-28 00:13:39.943 [ main ] - [ DEBUG ] [ o.m.spring.transaction.SpringManagedTransaction : 87 ] - JDBC Connection [com.mchange.v2.c3p0.impl.NewProxyConnection@65fe9e33 [wrapping: com.mysql.jdbc.JDBC4Connection@4e95d57]] will not be managed by Spring
2018-04-28 00:13:39.968 [ main ] - [ DEBUG ] [ com.study.pengxin.dao.CommonMapper.qryArea : 159 ] - ==>  Preparing: select * from consult_configarea 
2018-04-28 00:13:40.049 [ main ] - [ DEBUG ] [ com.study.pengxin.dao.CommonMapper.qryArea : 159 ] - ==> Parameters: 
2018-04-28 00:13:40.064 [ main ] - [ DEBUG ] [ com.study.pengxin.dao.CommonMapper.qryArea : 159 ] - <==      Total: 1
2018-04-28 00:13:40.069 [ main ] - [ DEBUG ] [ org.mybatis.spring.SqlSessionUtils : 191 ] - Closing non transactional SqlSession [org.apache.ibatis.session.defaults.DefaultSqlSession@6d23017e]
2018-04-28 00:13:40.080 [ Thread-1 ] - [ DEBUG ] [ c.m.v2.c3p0.management.ActiveManagementCoordinator : 204 ] - MBean: com.mchange.v2.c3p0:type=PooledDataSource,identityToken=2sigyl9v26q41n1ros4s9|6e2aa843,name=2sigyl9v26q41n1ros4s9|6e2aa843 unregistered.
2018-04-28 00:13:40.080 [ Thread-1 ] - [ DEBUG ] [ c.m.v2.c3p0.management.ActiveManagementCoordinator : 204 ] - C3P0Registry mbean unregistered.
